{"/home/runner/work/mediocre-hass-media-player-cards/mediocre-hass-media-player-cards/src/cards/index.ts": {"path":"/home/runner/work/mediocre-hass-media-player-cards/mediocre-hass-media-player-cards/src/cards/index.ts","statementMap":{"0":{"start":{"line":1,"column":0},"end":{"line":1,"column":47}},"1":{"start":{"line":2,"column":0},"end":{"line":2,"column":60}},"2":{"start":{"line":3,"column":0},"end":{"line":3,"column":53}},"3":{"start":{"line":4,"column":0},"end":{"line":4,"column":52}},"4":{"start":{"line":5,"column":0},"end":{"line":5,"column":45}}},"fnMap":{},"branchMap":{},"s":{"0":0,"1":0,"2":0,"3":0,"4":0},"f":{},"b":{}}
,"/home/runner/work/mediocre-hass-media-player-cards/mediocre-hass-media-player-cards/src/components/index.ts": {"path":"/home/runner/work/mediocre-hass-media-player-cards/mediocre-hass-media-player-cards/src/components/index.ts","statementMap":{"0":{"start":{"line":1,"column":0},"end":{"line":1,"column":27}},"1":{"start":{"line":2,"column":0},"end":{"line":2,"column":30}},"2":{"start":{"line":3,"column":0},"end":{"line":3,"column":23}},"3":{"start":{"line":4,"column":0},"end":{"line":4,"column":41}},"4":{"start":{"line":5,"column":0},"end":{"line":5,"column":31}},"5":{"start":{"line":6,"column":0},"end":{"line":6,"column":30}},"6":{"start":{"line":7,"column":0},"end":{"line":7,"column":39}},"7":{"start":{"line":8,"column":0},"end":{"line":8,"column":40}},"8":{"start":{"line":9,"column":0},"end":{"line":9,"column":27}},"9":{"start":{"line":10,"column":0},"end":{"line":10,"column":30}},"10":{"start":{"line":11,"column":0},"end":{"line":11,"column":23}},"11":{"start":{"line":12,"column":0},"end":{"line":12,"column":29}},"12":{"start":{"line":13,"column":0},"end":{"line":13,"column":24}},"13":{"start":{"line":14,"column":0},"end":{"line":14,"column":27}},"14":{"start":{"line":15,"column":0},"end":{"line":15,"column":30}},"15":{"start":{"line":16,"column":0},"end":{"line":16,"column":51}},"16":{"start":{"line":17,"column":0},"end":{"line":17,"column":49}},"17":{"start":{"line":18,"column":0},"end":{"line":18,"column":42}},"18":{"start":{"line":19,"column":0},"end":{"line":19,"column":32}},"19":{"start":{"line":20,"column":0},"end":{"line":20,"column":30}},"20":{"start":{"line":21,"column":0},"end":{"line":21,"column":25}},"21":{"start":{"line":22,"column":0},"end":{"line":22,"column":26}},"22":{"start":{"line":23,"column":0},"end":{"line":23,"column":26}}},"fnMap":{},"branchMap":{},"s":{"0":0,"1":0,"2":0,"3":0,"4":0,"5":0,"6":0,"7":0,"8":0,"9":0,"10":0,"11":0,"12":0,"13":0,"14":0,"15":0,"16":0,"17":0,"18":0,"19":0,"20":0,"21":0,"22":0},"f":{},"b":{}}
,"/home/runner/work/mediocre-hass-media-player-cards/mediocre-hass-media-player-cards/src/components/AlbumArt/AlbumArt.tsx": {"path":"/home/runner/work/mediocre-hass-media-player-cards/mediocre-hass-media-player-cards/src/components/AlbumArt/AlbumArt.tsx","statementMap":{"0":{"start":{"line":1,"column":0},"end":{"line":1,"column":56}},"1":{"start":{"line":2,"column":0},"end":{"line":2,"column":35}},"2":{"start":{"line":3,"column":0},"end":{"line":3,"column":37}},"3":{"start":{"line":4,"column":0},"end":{"line":4,"column":39}},"4":{"start":{"line":5,"column":0},"end":{"line":5,"column":79}},"5":{"start":{"line":14,"column":15},"end":{"line":59,"column":2}},"6":{"start":{"line":61,"column":24},"end":{"line":135,"column":1}},"7":{"start":{"line":68,"column":17},"end":{"line":68,"column":28}},"8":{"start":{"line":76,"column":6},"end":{"line":76,"column":23}},"9":{"start":{"line":77,"column":16},"end":{"line":77,"column":28}},"10":{"start":{"line":79,"column":28},"end":{"line":79,"column":43}},"11":{"start":{"line":80,"column":2},"end":{"line":82,"column":17}},"12":{"start":{"line":81,"column":4},"end":{"line":81,"column":20}},"13":{"start":{"line":84,"column":2},"end":{"line":134,"column":4}},"14":{"start":{"line":117,"column":27},"end":{"line":117,"column":41}},"15":{"start":{"line":61,"column":13},"end":{"line":61,"column":24}},"16":{"start":{"line":137,"column":22},"end":{"line":164,"column":1}},"17":{"start":{"line":138,"column":2},"end":{"line":163,"column":3}},"18":{"start":{"line":140,"column":6},"end":{"line":140,"column":27}},"19":{"start":{"line":142,"column":6},"end":{"line":142,"column":27}},"20":{"start":{"line":144,"column":6},"end":{"line":144,"column":29}},"21":{"start":{"line":146,"column":6},"end":{"line":146,"column":25}},"22":{"start":{"line":148,"column":6},"end":{"line":148,"column":26}},"23":{"start":{"line":150,"column":6},"end":{"line":150,"column":23}},"24":{"start":{"line":152,"column":6},"end":{"line":152,"column":35}},"25":{"start":{"line":154,"column":6},"end":{"line":154,"column":29}},"26":{"start":{"line":156,"column":6},"end":{"line":156,"column":30}},"27":{"start":{"line":158,"column":6},"end":{"line":158,"column":31}},"28":{"start":{"line":160,"column":6},"end":{"line":160,"column":47}},"29":{"start":{"line":162,"column":6},"end":{"line":162,"column":25}}},"fnMap":{"0":{"name":"(anonymous_0)","decl":{"start":{"line":61,"column":24},"end":{"line":61,"column":25}},"loc":{"start":{"line":67,"column":20},"end":{"line":135,"column":1}}},"1":{"name":"(anonymous_1)","decl":{"start":{"line":80,"column":12},"end":{"line":80,"column":15}},"loc":{"start":{"line":80,"column":17},"end":{"line":82,"column":3}}},"2":{"name":"(anonymous_2)","decl":{"start":{"line":117,"column":21},"end":{"line":117,"column":24}},"loc":{"start":{"line":117,"column":27},"end":{"line":117,"column":41}}},"3":{"name":"(anonymous_3)","decl":{"start":{"line":137,"column":22},"end":{"line":137,"column":23}},"loc":{"start":{"line":137,"column":57},"end":{"line":164,"column":1}}}},"branchMap":{"0":{"loc":{"start":{"line":63,"column":2},"end":{"line":63,"column":18}},"type":"default-arg","locations":[{"start":{"line":63,"column":17},"end":{"line":63,"column":18}}]},"1":{"loc":{"start":{"line":89,"column":28},"end":{"line":93,"column":18}},"type":"cond-expr","locations":[{"start":{"line":90,"column":12},"end":{"line":92,"column":25}},{"start":{"line":93,"column":12},"end":{"line":93,"column":18}}]},"2":{"loc":{"start":{"line":90,"column":12},"end":{"line":92,"column":25}},"type":"cond-expr","locations":[{"start":{"line":91,"column":14},"end":{"line":91,"column":18}},{"start":{"line":92,"column":14},"end":{"line":92,"column":25}}]},"3":{"loc":{"start":{"line":94,"column":29},"end":{"line":98,"column":19}},"type":"cond-expr","locations":[{"start":{"line":95,"column":12},"end":{"line":97,"column":25}},{"start":{"line":98,"column":12},"end":{"line":98,"column":19}}]},"4":{"loc":{"start":{"line":95,"column":12},"end":{"line":97,"column":25}},"type":"cond-expr","locations":[{"start":{"line":96,"column":14},"end":{"line":96,"column":18}},{"start":{"line":97,"column":14},"end":{"line":97,"column":25}}]},"5":{"loc":{"start":{"line":99,"column":12},"end":{"line":103,"column":14}},"type":"cond-expr","locations":[{"start":{"line":100,"column":12},"end":{"line":102,"column":null}},{"start":{"line":103,"column":12},"end":{"line":103,"column":14}}]},"6":{"loc":{"start":{"line":108,"column":9},"end":{"line":129,"column":null}},"type":"cond-expr","locations":[{"start":{"line":109,"column":10},"end":{"line":117,"column":null}},{"start":{"line":120,"column":10},"end":{"line":128,"column":null}}]},"7":{"loc":{"start":{"line":108,"column":9},"end":{"line":108,"column":46}},"type":"binary-expr","locations":[{"start":{"line":108,"column":9},"end":{"line":108,"column":17}},{"start":{"line":108,"column":21},"end":{"line":108,"column":36}},{"start":{"line":108,"column":40},"end":{"line":108,"column":46}}]},"8":{"loc":{"start":{"line":113,"column":14},"end":{"line":115,"column":37}},"type":"cond-expr","locations":[{"start":{"line":114,"column":18},"end":{"line":114,"column":41}},{"start":{"line":115,"column":18},"end":{"line":115,"column":37}}]},"9":{"loc":{"start":{"line":113,"column":14},"end":{"line":113,"column":33}},"type":"binary-expr","locations":[{"start":{"line":113,"column":14},"end":{"line":113,"column":21}},{"start":{"line":113,"column":25},"end":{"line":113,"column":33}}]},"10":{"loc":{"start":{"line":123,"column":16},"end":{"line":125,"column":45}},"type":"cond-expr","locations":[{"start":{"line":124,"column":20},"end":{"line":124,"column":56}},{"start":{"line":125,"column":20},"end":{"line":125,"column":45}}]},"11":{"loc":{"start":{"line":123,"column":16},"end":{"line":123,"column":42}},"type":"binary-expr","locations":[{"start":{"line":123,"column":16},"end":{"line":123,"column":31}},{"start":{"line":123,"column":35},"end":{"line":123,"column":42}}]},"12":{"loc":{"start":{"line":132,"column":7},"end":{"line":132,"column":61}},"type":"binary-expr","locations":[{"start":{"line":132,"column":7},"end":{"line":132,"column":31}},{"start":{"line":132,"column":35},"end":{"line":132,"column":61}}]},"13":{"loc":{"start":{"line":138,"column":2},"end":{"line":163,"column":3}},"type":"switch","locations":[{"start":{"line":139,"column":4},"end":{"line":140,"column":27}},{"start":{"line":141,"column":4},"end":{"line":142,"column":27}},{"start":{"line":143,"column":4},"end":{"line":144,"column":29}},{"start":{"line":145,"column":4},"end":{"line":146,"column":25}},{"start":{"line":147,"column":4},"end":{"line":148,"column":26}},{"start":{"line":149,"column":4},"end":{"line":150,"column":23}},{"start":{"line":151,"column":4},"end":{"line":152,"column":35}},{"start":{"line":153,"column":4},"end":{"line":154,"column":29}},{"start":{"line":155,"column":4},"end":{"line":156,"column":30}},{"start":{"line":157,"column":4},"end":{"line":158,"column":31}},{"start":{"line":159,"column":4},"end":{"line":160,"column":47}},{"start":{"line":161,"column":4},"end":{"line":162,"column":25}}]}},"s":{"0":0,"1":0,"2":0,"3":0,"4":0,"5":0,"6":0,"7":0,"8":0,"9":0,"10":0,"11":0,"12":0,"13":0,"14":0,"15":0,"16":0,"17":0,"18":0,"19":0,"20":0,"21":0,"22":0,"23":0,"24":0,"25":0,"26":0,"27":0,"28":0,"29":0},"f":{"0":0,"1":0,"2":0,"3":0},"b":{"0":[0],"1":[0,0],"2":[0,0],"3":[0,0],"4":[0,0],"5":[0,0],"6":[0,0],"7":[0,0,0],"8":[0,0],"9":[0,0],"10":[0,0],"11":[0,0],"12":[0,0],"13":[0,0,0,0,0,0,0,0,0,0,0,0]}}
,"/home/runner/work/mediocre-hass-media-player-cards/mediocre-hass-media-player-cards/src/components/AlbumArt/index.ts": {"path":"/home/runner/work/mediocre-hass-media-player-cards/mediocre-hass-media-player-cards/src/components/AlbumArt/index.ts","statementMap":{"0":{"start":{"line":1,"column":0},"end":{"line":1,"column":27}}},"fnMap":{},"branchMap":{},"s":{"0":0},"f":{},"b":{}}
,"/home/runner/work/mediocre-hass-media-player-cards/mediocre-hass-media-player-cards/src/components/CardContext/CardContext.tsx": {"path":"/home/runner/work/mediocre-hass-media-player-cards/mediocre-hass-media-player-cards/src/components/CardContext/CardContext.tsx","statementMap":{"0":{"start":{"line":1,"column":0},"end":{"line":1,"column":39}},"1":{"start":{"line":2,"column":0},"end":{"line":2,"column":39}},"2":{"start":{"line":10,"column":13},"end":{"line":10,"column":70}},"3":{"start":{"line":12,"column":35},"end":{"line":26,"column":1}},"4":{"start":{"line":19,"column":23},"end":{"line":21,"column":27}},"5":{"start":{"line":20,"column":4},"end":{"line":20,"column":35}},"6":{"start":{"line":23,"column":2},"end":{"line":25,"column":4}},"7":{"start":{"line":12,"column":13},"end":{"line":12,"column":35}}},"fnMap":{"0":{"name":"(anonymous_0)","decl":{"start":{"line":12,"column":35},"end":{"line":12,"column":40}},"loc":{"start":{"line":18,"column":31},"end":{"line":26,"column":1}}},"1":{"name":"(anonymous_1)","decl":{"start":{"line":19,"column":31},"end":{"line":19,"column":34}},"loc":{"start":{"line":19,"column":36},"end":{"line":21,"column":3}}}},"branchMap":{},"s":{"0":0,"1":0,"2":0,"3":0,"4":0,"5":0,"6":0,"7":0},"f":{"0":0,"1":0},"b":{}}
,"/home/runner/work/mediocre-hass-media-player-cards/mediocre-hass-media-player-cards/src/components/CardContext/index.ts": {"path":"/home/runner/work/mediocre-hass-media-player-cards/mediocre-hass-media-player-cards/src/components/CardContext/index.ts","statementMap":{"0":{"start":{"line":1,"column":0},"end":{"line":1,"column":30}}},"fnMap":{},"branchMap":{},"s":{"0":0},"f":{},"b":{}}
,"/home/runner/work/mediocre-hass-media-player-cards/mediocre-hass-media-player-cards/src/components/Chip/Chip.tsx": {"path":"/home/runner/work/mediocre-hass-media-player-cards/mediocre-hass-media-player-cards/src/components/Chip/Chip.tsx","statementMap":{"0":{"start":{"line":2,"column":0},"end":{"line":2,"column":44}},"1":{"start":{"line":3,"column":0},"end":{"line":3,"column":37}},"2":{"start":{"line":4,"column":0},"end":{"line":4,"column":35}},"3":{"start":{"line":6,"column":15},"end":{"line":39,"column":2}},"4":{"start":{"line":47,"column":20},"end":{"line":70,"column":1}},"5":{"start":{"line":54,"column":21},"end":{"line":61,"column":3}},"6":{"start":{"line":55,"column":4},"end":{"line":57,"column":5}},"7":{"start":{"line":56,"column":6},"end":{"line":56,"column":40}},"8":{"start":{"line":58,"column":4},"end":{"line":60,"column":5}},"9":{"start":{"line":59,"column":6},"end":{"line":59,"column":49}},"10":{"start":{"line":63,"column":2},"end":{"line":69,"column":4}},"11":{"start":{"line":47,"column":13},"end":{"line":47,"column":20}}},"fnMap":{"0":{"name":"(anonymous_0)","decl":{"start":{"line":47,"column":20},"end":{"line":47,"column":21}},"loc":{"start":{"line":53,"column":16},"end":{"line":70,"column":1}}},"1":{"name":"(anonymous_1)","decl":{"start":{"line":54,"column":21},"end":{"line":54,"column":24}},"loc":{"start":{"line":54,"column":26},"end":{"line":61,"column":3}}}},"branchMap":{"0":{"loc":{"start":{"line":50,"column":2},"end":{"line":50,"column":23}},"type":"default-arg","locations":[{"start":{"line":50,"column":17},"end":{"line":50,"column":23}}]},"1":{"loc":{"start":{"line":55,"column":4},"end":{"line":57,"column":5}},"type":"if","locations":[{"start":{"line":55,"column":4},"end":{"line":57,"column":5}},{"start":{},"end":{}}]},"2":{"loc":{"start":{"line":58,"column":4},"end":{"line":60,"column":5}},"type":"if","locations":[{"start":{"line":58,"column":4},"end":{"line":60,"column":5}},{"start":{},"end":{}}]},"3":{"loc":{"start":{"line":64,"column":31},"end":{"line":64,"column":60}},"type":"binary-expr","locations":[{"start":{"line":64,"column":31},"end":{"line":64,"column":38}},{"start":{"line":64,"column":42},"end":{"line":64,"column":60}}]},"4":{"loc":{"start":{"line":65,"column":7},"end":{"line":65,"column":46}},"type":"binary-expr","locations":[{"start":{"line":65,"column":7},"end":{"line":65,"column":30}},{"start":{"line":65,"column":34},"end":{"line":65,"column":46}}]},"5":{"loc":{"start":{"line":67,"column":7},"end":{"line":67,"column":47}},"type":"binary-expr","locations":[{"start":{"line":67,"column":7},"end":{"line":67,"column":31}},{"start":{"line":67,"column":35},"end":{"line":67,"column":47}}]}},"s":{"0":0,"1":0,"2":0,"3":0,"4":0,"5":0,"6":0,"7":0,"8":0,"9":0,"10":0,"11":0},"f":{"0":0,"1":0},"b":{"0":[0],"1":[0,0],"2":[0,0],"3":[0,0],"4":[0,0],"5":[0,0]}}
,"/home/runner/work/mediocre-hass-media-player-cards/mediocre-hass-media-player-cards/src/components/Chip/index.ts": {"path":"/home/runner/work/mediocre-hass-media-player-cards/mediocre-hass-media-player-cards/src/components/Chip/index.ts","statementMap":{"0":{"start":{"line":1,"column":0},"end":{"line":1,"column":23}}},"fnMap":{},"branchMap":{},"s":{"0":0},"f":{},"b":{}}
,"/home/runner/work/mediocre-hass-media-player-cards/mediocre-hass-media-player-cards/src/components/EmotionContextProvider/EmotionContextProvider.tsx": {"path":"/home/runner/work/mediocre-hass-media-player-cards/mediocre-hass-media-player-cards/src/components/EmotionContextProvider/EmotionContextProvider.tsx","statementMap":{"0":{"start":{"line":1,"column":0},"end":{"line":1,"column":41}},"1":{"start":{"line":2,"column":0},"end":{"line":2,"column":47}},"2":{"start":{"line":4,"column":0},"end":{"line":4,"column":40}},"3":{"start":{"line":11,"column":38},"end":{"line":19,"column":1}},"4":{"start":{"line":15,"column":25},"end":{"line":16,"column":null}},"5":{"start":{"line":16,"column":4},"end":{"line":16,"column":71}},"6":{"start":{"line":18,"column":2},"end":{"line":18,"column":72}},"7":{"start":{"line":11,"column":13},"end":{"line":11,"column":38}}},"fnMap":{"0":{"name":"(anonymous_1)","decl":{"start":{"line":11,"column":38},"end":{"line":11,"column":39}},"loc":{"start":{"line":14,"column":34},"end":{"line":19,"column":1}}},"1":{"name":"(anonymous_2)","decl":{"start":{"line":15,"column":34},"end":{"line":15,"column":37}},"loc":{"start":{"line":16,"column":4},"end":{"line":16,"column":71}}}},"branchMap":{},"s":{"0":0,"1":0,"2":0,"3":0,"4":0,"5":0,"6":0,"7":0},"f":{"0":0,"1":0},"b":{}}
,"/home/runner/work/mediocre-hass-media-player-cards/mediocre-hass-media-player-cards/src/components/EmotionContextProvider/index.ts": {"path":"/home/runner/work/mediocre-hass-media-player-cards/mediocre-hass-media-player-cards/src/components/EmotionContextProvider/index.ts","statementMap":{"0":{"start":{"line":1,"column":0},"end":{"line":1,"column":41}}},"fnMap":{},"branchMap":{},"s":{"0":0},"f":{},"b":{}}
,"/home/runner/work/mediocre-hass-media-player-cards/mediocre-hass-media-player-cards/src/components/FormElements/ActionsConfigurator.tsx": {"path":"/home/runner/work/mediocre-hass-media-player-cards/mediocre-hass-media-player-cards/src/components/FormElements/ActionsConfigurator.tsx","statementMap":{"0":{"start":{"line":2,"column":0},"end":{"line":2,"column":71}},"1":{"start":{"line":4,"column":0},"end":{"line":4,"column":55}},"2":{"start":{"line":13,"column":35},"end":{"line":67,"column":1}},"3":{"start":{"line":19,"column":18},"end":{"line":19,"column":50}},"4":{"start":{"line":22,"column":15},"end":{"line":29,"column":13}},"5":{"start":{"line":23,"column":4},"end":{"line":25,"column":5}},"6":{"start":{"line":24,"column":6},"end":{"line":24,"column":32}},"7":{"start":{"line":26,"column":44},"end":{"line":26,"column":56}},"8":{"start":{"line":28,"column":4},"end":{"line":28,"column":18}},"9":{"start":{"line":32,"column":29},"end":{"line":39,"column":null}},"10":{"start":{"line":34,"column":26},"end":{"line":34,"column":42}},"11":{"start":{"line":35,"column":22},"end":{"line":35,"column":46}},"12":{"start":{"line":37,"column":6},"end":{"line":37,"column":24}},"13":{"start":{"line":43,"column":2},"end":{"line":55,"column":44}},"14":{"start":{"line":44,"column":24},"end":{"line":44,"column":39}},"15":{"start":{"line":46,"column":4},"end":{"line":48,"column":5}},"16":{"start":{"line":47,"column":6},"end":{"line":47,"column":72}},"17":{"start":{"line":50,"column":4},"end":{"line":54,"column":6}},"18":{"start":{"line":51,"column":6},"end":{"line":53,"column":7}},"19":{"start":{"line":52,"column":8},"end":{"line":52,"column":77}},"20":{"start":{"line":57,"column":2},"end":{"line":66,"column":4}},"21":{"start":{"line":63,"column":28},"end":{"line":63,"column":51}},"22":{"start":{"line":13,"column":13},"end":{"line":13,"column":35}}},"fnMap":{"0":{"name":"(anonymous_0)","decl":{"start":{"line":13,"column":35},"end":{"line":13,"column":36}},"loc":{"start":{"line":18,"column":31},"end":{"line":67,"column":1}}},"1":{"name":"(anonymous_1)","decl":{"start":{"line":22,"column":23},"end":{"line":22,"column":26}},"loc":{"start":{"line":22,"column":28},"end":{"line":29,"column":3}}},"2":{"name":"(anonymous_2)","decl":{"start":{"line":33,"column":4},"end":{"line":33,"column":5}},"loc":{"start":{"line":33,"column":17},"end":{"line":38,"column":5}}},"3":{"name":"(anonymous_3)","decl":{"start":{"line":43,"column":12},"end":{"line":43,"column":15}},"loc":{"start":{"line":43,"column":17},"end":{"line":55,"column":3}}},"4":{"name":"(anonymous_4)","decl":{"start":{"line":50,"column":11},"end":{"line":50,"column":14}},"loc":{"start":{"line":50,"column":16},"end":{"line":54,"column":5}}},"5":{"name":"(anonymous_5)","decl":{"start":{"line":63,"column":20},"end":{"line":63,"column":24}},"loc":{"start":{"line":63,"column":28},"end":{"line":63,"column":51}}}},"branchMap":{"0":{"loc":{"start":{"line":17,"column":2},"end":{"line":17,"column":18}},"type":"default-arg","locations":[{"start":{"line":17,"column":13},"end":{"line":17,"column":18}}]},"1":{"loc":{"start":{"line":23,"column":4},"end":{"line":25,"column":5}},"type":"if","locations":[{"start":{"line":23,"column":4},"end":{"line":25,"column":5}},{"start":{},"end":{}}]},"2":{"loc":{"start":{"line":46,"column":4},"end":{"line":48,"column":5}},"type":"if","locations":[{"start":{"line":46,"column":4},"end":{"line":48,"column":5}},{"start":{},"end":{}}]},"3":{"loc":{"start":{"line":51,"column":6},"end":{"line":53,"column":7}},"type":"if","locations":[{"start":{"line":51,"column":6},"end":{"line":53,"column":7}},{"start":{},"end":{}}]},"4":{"loc":{"start":{"line":63,"column":28},"end":{"line":63,"column":51}},"type":"binary-expr","locations":[{"start":{"line":63,"column":28},"end":{"line":63,"column":38}},{"start":{"line":63,"column":42},"end":{"line":63,"column":51}}]}},"s":{"0":0,"1":0,"2":0,"3":0,"4":0,"5":0,"6":0,"7":0,"8":0,"9":0,"10":0,"11":0,"12":0,"13":0,"14":0,"15":0,"16":0,"17":0,"18":0,"19":0,"20":0,"21":0,"22":0},"f":{"0":0,"1":0,"2":0,"3":0,"4":0,"5":0},"b":{"0":[0],"1":[0,0],"2":[0,0],"3":[0,0],"4":[0,0]}}
,"/home/runner/work/mediocre-hass-media-player-cards/mediocre-hass-media-player-cards/src/components/FormElements/EntitiesPicker.tsx": {"path":"/home/runner/work/mediocre-hass-media-player-cards/mediocre-hass-media-player-cards/src/components/FormElements/EntitiesPicker.tsx","statementMap":{"0":{"start":{"line":2,"column":0},"end":{"line":2,"column":43}},"1":{"start":{"line":3,"column":0},"end":{"line":3,"column":46}},"2":{"start":{"line":4,"column":0},"end":{"line":4,"column":37}},"3":{"start":{"line":6,"column":15},"end":{"line":12,"column":2}},"4":{"start":{"line":24,"column":30},"end":{"line":91,"column":1}},"5":{"start":{"line":34,"column":19},"end":{"line":34,"column":47}},"6":{"start":{"line":37,"column":29},"end":{"line":57,"column":null}},"7":{"start":{"line":39,"column":26},"end":{"line":39,"column":39}},"8":{"start":{"line":42,"column":6},"end":{"line":52,"column":7}},"9":{"start":{"line":43,"column":8},"end":{"line":43,"column":37}},"10":{"start":{"line":46,"column":11},"end":{"line":52,"column":7}},"11":{"start":{"line":47,"column":8},"end":{"line":47,"column":47}},"12":{"start":{"line":50,"column":11},"end":{"line":52,"column":7}},"13":{"start":{"line":51,"column":8},"end":{"line":51,"column":38}},"14":{"start":{"line":55,"column":6},"end":{"line":55,"column":44}},"15":{"start":{"line":60,"column":2},"end":{"line":90,"column":4}},"16":{"start":{"line":66,"column":8},"end":{"line":67,"column":null}},"17":{"start":{"line":70,"column":32},"end":{"line":70,"column":67}},"18":{"start":{"line":83,"column":30},"end":{"line":83,"column":75}},"19":{"start":{"line":24,"column":13},"end":{"line":24,"column":30}}},"fnMap":{"0":{"name":"(anonymous_0)","decl":{"start":{"line":24,"column":30},"end":{"line":24,"column":31}},"loc":{"start":{"line":32,"column":26},"end":{"line":91,"column":1}}},"1":{"name":"(anonymous_1)","decl":{"start":{"line":38,"column":4},"end":{"line":38,"column":5}},"loc":{"start":{"line":38,"column":55},"end":{"line":56,"column":5}}},"2":{"name":"(anonymous_2)","decl":{"start":{"line":65,"column":20},"end":{"line":65,"column":21}},"loc":{"start":{"line":66,"column":8},"end":{"line":67,"column":null}}},"3":{"name":"(anonymous_3)","decl":{"start":{"line":70,"column":20},"end":{"line":70,"column":28}},"loc":{"start":{"line":70,"column":32},"end":{"line":70,"column":67}}},"4":{"name":"(anonymous_4)","decl":{"start":{"line":83,"column":18},"end":{"line":83,"column":26}},"loc":{"start":{"line":83,"column":30},"end":{"line":83,"column":75}}}},"branchMap":{"0":{"loc":{"start":{"line":30,"column":2},"end":{"line":30,"column":18}},"type":"default-arg","locations":[{"start":{"line":30,"column":13},"end":{"line":30,"column":18}}]},"1":{"loc":{"start":{"line":31,"column":2},"end":{"line":31,"column":27}},"type":"default-arg","locations":[{"start":{"line":31,"column":22},"end":{"line":31,"column":27}}]},"2":{"loc":{"start":{"line":34,"column":19},"end":{"line":34,"column":47}},"type":"binary-expr","locations":[{"start":{"line":34,"column":19},"end":{"line":34,"column":41}},{"start":{"line":34,"column":45},"end":{"line":34,"column":47}}]},"3":{"loc":{"start":{"line":42,"column":6},"end":{"line":52,"column":7}},"type":"if","locations":[{"start":{"line":42,"column":6},"end":{"line":52,"column":7}},{"start":{"line":46,"column":11},"end":{"line":52,"column":7}}]},"4":{"loc":{"start":{"line":42,"column":10},"end":{"line":42,"column":49}},"type":"binary-expr","locations":[{"start":{"line":42,"column":10},"end":{"line":42,"column":22}},{"start":{"line":42,"column":26},"end":{"line":42,"column":49}}]},"5":{"loc":{"start":{"line":46,"column":11},"end":{"line":52,"column":7}},"type":"if","locations":[{"start":{"line":46,"column":11},"end":{"line":52,"column":7}},{"start":{"line":50,"column":11},"end":{"line":52,"column":7}}]},"6":{"loc":{"start":{"line":47,"column":29},"end":{"line":47,"column":46}},"type":"binary-expr","locations":[{"start":{"line":47,"column":29},"end":{"line":47,"column":40}},{"start":{"line":47,"column":44},"end":{"line":47,"column":46}}]},"7":{"loc":{"start":{"line":50,"column":11},"end":{"line":52,"column":7}},"type":"if","locations":[{"start":{"line":50,"column":11},"end":{"line":52,"column":7}},{"start":{},"end":{}}]},"8":{"loc":{"start":{"line":62,"column":7},"end":{"line":62,"column":38}},"type":"binary-expr","locations":[{"start":{"line":62,"column":7},"end":{"line":62,"column":12}},{"start":{"line":62,"column":16},"end":{"line":62,"column":38}}]}},"s":{"0":0,"1":0,"2":0,"3":0,"4":0,"5":0,"6":0,"7":0,"8":0,"9":0,"10":0,"11":0,"12":0,"13":0,"14":0,"15":0,"16":0,"17":0,"18":0,"19":0},"f":{"0":0,"1":0,"2":0,"3":0,"4":0},"b":{"0":[0],"1":[0],"2":[0,0],"3":[0,0],"4":[0,0],"5":[0,0],"6":[0,0],"7":[0,0],"8":[0,0]}}
,"/home/runner/work/mediocre-hass-media-player-cards/mediocre-hass-media-player-cards/src/components/FormElements/EntityPicker.tsx": {"path":"/home/runner/work/mediocre-hass-media-player-cards/mediocre-hass-media-player-cards/src/components/FormElements/EntityPicker.tsx","statementMap":{"0":{"start":{"line":2,"column":0},"end":{"line":2,"column":62}},"1":{"start":{"line":3,"column":0},"end":{"line":3,"column":52}},"2":{"start":{"line":17,"column":28},"end":{"line":72,"column":1}},"3":{"start":{"line":28,"column":6},"end":{"line":28,"column":11}},"4":{"start":{"line":30,"column":18},"end":{"line":30,"column":50}},"5":{"start":{"line":33,"column":29},"end":{"line":39,"column":null}},"6":{"start":{"line":35,"column":26},"end":{"line":35,"column":42}},"7":{"start":{"line":36,"column":23},"end":{"line":36,"column":47}},"8":{"start":{"line":37,"column":6},"end":{"line":37,"column":25}},"9":{"start":{"line":43,"column":2},"end":{"line":55,"column":44}},"10":{"start":{"line":44,"column":24},"end":{"line":44,"column":39}},"11":{"start":{"line":46,"column":4},"end":{"line":48,"column":5}},"12":{"start":{"line":47,"column":6},"end":{"line":47,"column":72}},"13":{"start":{"line":50,"column":4},"end":{"line":54,"column":6}},"14":{"start":{"line":51,"column":6},"end":{"line":53,"column":7}},"15":{"start":{"line":52,"column":8},"end":{"line":52,"column":77}},"16":{"start":{"line":57,"column":2},"end":{"line":71,"column":4}},"17":{"start":{"line":17,"column":13},"end":{"line":17,"column":28}}},"fnMap":{"0":{"name":"(anonymous_0)","decl":{"start":{"line":17,"column":28},"end":{"line":17,"column":29}},"loc":{"start":{"line":17,"column":57},"end":{"line":72,"column":1}}},"1":{"name":"(anonymous_1)","decl":{"start":{"line":34,"column":4},"end":{"line":34,"column":5}},"loc":{"start":{"line":34,"column":17},"end":{"line":38,"column":5}}},"2":{"name":"(anonymous_2)","decl":{"start":{"line":43,"column":12},"end":{"line":43,"column":15}},"loc":{"start":{"line":43,"column":17},"end":{"line":55,"column":3}}},"3":{"name":"(anonymous_3)","decl":{"start":{"line":50,"column":11},"end":{"line":50,"column":14}},"loc":{"start":{"line":50,"column":16},"end":{"line":54,"column":5}}}},"branchMap":{"0":{"loc":{"start":{"line":24,"column":4},"end":{"line":24,"column":20}},"type":"default-arg","locations":[{"start":{"line":24,"column":15},"end":{"line":24,"column":20}}]},"1":{"loc":{"start":{"line":25,"column":4},"end":{"line":25,"column":20}},"type":"default-arg","locations":[{"start":{"line":25,"column":15},"end":{"line":25,"column":20}}]},"2":{"loc":{"start":{"line":26,"column":4},"end":{"line":26,"column":29}},"type":"default-arg","locations":[{"start":{"line":26,"column":24},"end":{"line":26,"column":29}}]},"3":{"loc":{"start":{"line":46,"column":4},"end":{"line":48,"column":5}},"type":"if","locations":[{"start":{"line":46,"column":4},"end":{"line":48,"column":5}},{"start":{},"end":{}}]},"4":{"loc":{"start":{"line":51,"column":6},"end":{"line":53,"column":7}},"type":"if","locations":[{"start":{"line":51,"column":6},"end":{"line":53,"column":7}},{"start":{},"end":{}}]},"5":{"loc":{"start":{"line":69,"column":7},"end":{"line":69,"column":54}},"type":"binary-expr","locations":[{"start":{"line":69,"column":7},"end":{"line":69,"column":14}},{"start":{"line":69,"column":18},"end":{"line":69,"column":54}}]}},"s":{"0":0,"1":0,"2":0,"3":0,"4":0,"5":0,"6":0,"7":0,"8":0,"9":0,"10":0,"11":0,"12":0,"13":0,"14":0,"15":0,"16":0,"17":0},"f":{"0":0,"1":0,"2":0,"3":0},"b":{"0":[0],"1":[0],"2":[0],"3":[0,0],"4":[0,0],"5":[0,0]}}
,"/home/runner/work/mediocre-hass-media-player-cards/mediocre-hass-media-player-cards/src/components/FormElements/FormSelect.tsx": {"path":"/home/runner/work/mediocre-hass-media-player-cards/mediocre-hass-media-player-cards/src/components/FormElements/FormSelect.tsx","statementMap":{"0":{"start":{"line":9,"column":42},"end":{"line":26,"column":1}},"1":{"start":{"line":14,"column":2},"end":{"line":25,"column":4}},"2":{"start":{"line":17,"column":21},"end":{"line":17,"column":70}},"3":{"start":{"line":20,"column":8},"end":{"line":20,"column":35}},"4":{"start":{"line":9,"column":13},"end":{"line":9,"column":42}}},"fnMap":{"0":{"name":"(anonymous_0)","decl":{"start":{"line":9,"column":42},"end":{"line":9,"column":43}},"loc":{"start":{"line":13,"column":5},"end":{"line":26,"column":1}}},"1":{"name":"(anonymous_1)","decl":{"start":{"line":17,"column":16},"end":{"line":17,"column":17}},"loc":{"start":{"line":17,"column":21},"end":{"line":17,"column":70}}},"2":{"name":"(anonymous_2)","decl":{"start":{"line":19,"column":19},"end":{"line":19,"column":25}},"loc":{"start":{"line":20,"column":8},"end":{"line":20,"column":35}}}},"branchMap":{},"s":{"0":0,"1":0,"2":0,"3":0,"4":0},"f":{"0":0,"1":0,"2":0},"b":{}}
,"/home/runner/work/mediocre-hass-media-player-cards/mediocre-hass-media-player-cards/src/components/FormElements/InteractionsPicker.tsx": {"path":"/home/runner/work/mediocre-hass-media-player-cards/mediocre-hass-media-player-cards/src/components/FormElements/InteractionsPicker.tsx","statementMap":{"0":{"start":{"line":4,"column":0},"end":{"line":4,"column":60}},"1":{"start":{"line":12,"column":34},"end":{"line":18,"column":1}},"2":{"start":{"line":17,"column":2},"end":{"line":17,"column":79}},"3":{"start":{"line":12,"column":13},"end":{"line":12,"column":34}}},"fnMap":{"0":{"name":"(anonymous_0)","decl":{"start":{"line":12,"column":34},"end":{"line":12,"column":35}},"loc":{"start":{"line":16,"column":30},"end":{"line":18,"column":1}}}},"branchMap":{"0":{"loc":{"start":{"line":14,"column":2},"end":{"line":14,"column":12}},"type":"default-arg","locations":[{"start":{"line":14,"column":10},"end":{"line":14,"column":12}}]}},"s":{"0":0,"1":0,"2":0,"3":0},"f":{"0":0},"b":{"0":[0]}}
,"/home/runner/work/mediocre-hass-media-player-cards/mediocre-hass-media-player-cards/src/components/FormElements/StyledFormElements.tsx": {"path":"/home/runner/work/mediocre-hass-media-player-cards/mediocre-hass-media-player-cards/src/components/FormElements/StyledFormElements.tsx","statementMap":{"0":{"start":{"line":1,"column":0},"end":{"line":1,"column":37}},"1":{"start":{"line":4,"column":15},"end":{"line":58,"column":2}},"2":{"start":{"line":60,"column":25},"end":{"line":62,"column":1}},"3":{"start":{"line":61,"column":2},"end":{"line":61,"column":51}},"4":{"start":{"line":60,"column":13},"end":{"line":60,"column":25}},"5":{"start":{"line":64,"column":21},"end":{"line":66,"column":1}},"6":{"start":{"line":65,"column":2},"end":{"line":65,"column":49}},"7":{"start":{"line":64,"column":13},"end":{"line":64,"column":21}},"8":{"start":{"line":68,"column":32},"end":{"line":70,"column":1}},"9":{"start":{"line":69,"column":2},"end":{"line":69,"column":58}},"10":{"start":{"line":68,"column":13},"end":{"line":68,"column":32}},"11":{"start":{"line":72,"column":22},"end":{"line":78,"column":1}},"12":{"start":{"line":77,"column":2},"end":{"line":77,"column":51}},"13":{"start":{"line":72,"column":13},"end":{"line":72,"column":22}},"14":{"start":{"line":80,"column":28},"end":{"line":86,"column":1}},"15":{"start":{"line":85,"column":2},"end":{"line":85,"column":74}},"16":{"start":{"line":80,"column":13},"end":{"line":80,"column":28}},"17":{"start":{"line":88,"column":26},"end":{"line":90,"column":1}},"18":{"start":{"line":89,"column":2},"end":{"line":89,"column":52}},"19":{"start":{"line":88,"column":13},"end":{"line":88,"column":26}},"20":{"start":{"line":92,"column":31},"end":{"line":94,"column":1}},"21":{"start":{"line":93,"column":2},"end":{"line":93,"column":57}},"22":{"start":{"line":92,"column":13},"end":{"line":92,"column":31}},"23":{"start":{"line":96,"column":27},"end":{"line":100,"column":1}},"24":{"start":{"line":99,"column":2},"end":{"line":99,"column":55}},"25":{"start":{"line":96,"column":13},"end":{"line":96,"column":27}},"26":{"start":{"line":102,"column":22},"end":{"line":104,"column":1}},"27":{"start":{"line":103,"column":2},"end":{"line":103,"column":66}},"28":{"start":{"line":102,"column":13},"end":{"line":102,"column":22}},"29":{"start":{"line":106,"column":28},"end":{"line":108,"column":1}},"30":{"start":{"line":107,"column":2},"end":{"line":107,"column":54}},"31":{"start":{"line":106,"column":13},"end":{"line":106,"column":28}}},"fnMap":{"0":{"name":"(anonymous_0)","decl":{"start":{"line":60,"column":25},"end":{"line":60,"column":26}},"loc":{"start":{"line":60,"column":67},"end":{"line":62,"column":1}}},"1":{"name":"(anonymous_1)","decl":{"start":{"line":64,"column":21},"end":{"line":64,"column":22}},"loc":{"start":{"line":64,"column":65},"end":{"line":66,"column":1}}},"2":{"name":"(anonymous_2)","decl":{"start":{"line":68,"column":32},"end":{"line":68,"column":33}},"loc":{"start":{"line":68,"column":74},"end":{"line":70,"column":1}}},"3":{"name":"(anonymous_3)","decl":{"start":{"line":72,"column":22},"end":{"line":72,"column":null}},"loc":{"start":{"line":76,"column":4},"end":{"line":78,"column":1}}},"4":{"name":"(anonymous_4)","decl":{"start":{"line":80,"column":28},"end":{"line":80,"column":null}},"loc":{"start":{"line":84,"column":4},"end":{"line":86,"column":1}}},"5":{"name":"(anonymous_5)","decl":{"start":{"line":88,"column":26},"end":{"line":88,"column":27}},"loc":{"start":{"line":88,"column":68},"end":{"line":90,"column":1}}},"6":{"name":"(anonymous_6)","decl":{"start":{"line":92,"column":31},"end":{"line":92,"column":32}},"loc":{"start":{"line":92,"column":73},"end":{"line":94,"column":1}}},"7":{"name":"(anonymous_7)","decl":{"start":{"line":96,"column":27},"end":{"line":96,"column":null}},"loc":{"start":{"line":98,"column":4},"end":{"line":100,"column":1}}},"8":{"name":"(anonymous_8)","decl":{"start":{"line":102,"column":22},"end":{"line":102,"column":23}},"loc":{"start":{"line":102,"column":71},"end":{"line":104,"column":1}}},"9":{"name":"(anonymous_9)","decl":{"start":{"line":106,"column":28},"end":{"line":106,"column":29}},"loc":{"start":{"line":106,"column":70},"end":{"line":108,"column":1}}}},"branchMap":{},"s":{"0":0,"1":0,"2":0,"3":0,"4":0,"5":0,"6":0,"7":0,"8":0,"9":0,"10":0,"11":0,"12":0,"13":0,"14":0,"15":0,"16":0,"17":0,"18":0,"19":0,"20":0,"21":0,"22":0,"23":0,"24":0,"25":0,"26":0,"27":0,"28":0,"29":0,"30":0,"31":0},"f":{"0":0,"1":0,"2":0,"3":0,"4":0,"5":0,"6":0,"7":0,"8":0,"9":0},"b":{}}
,"/home/runner/work/mediocre-hass-media-player-cards/mediocre-hass-media-player-cards/src/components/FormElements/TextInput.tsx": {"path":"/home/runner/work/mediocre-hass-media-player-cards/mediocre-hass-media-player-cards/src/components/FormElements/TextInput.tsx","statementMap":{"0":{"start":{"line":2,"column":0},"end":{"line":2,"column":43}},"1":{"start":{"line":3,"column":0},"end":{"line":3,"column":52}},"2":{"start":{"line":4,"column":0},"end":{"line":4,"column":37}},"3":{"start":{"line":24,"column":15},"end":{"line":29,"column":2}},"4":{"start":{"line":31,"column":25},"end":{"line":79,"column":1}},"5":{"start":{"line":41,"column":29},"end":{"line":45,"column":null}},"6":{"start":{"line":43,"column":6},"end":{"line":43,"column":31}},"7":{"start":{"line":48,"column":22},"end":{"line":71,"column":3}},"8":{"start":{"line":49,"column":4},"end":{"line":60,"column":5}},"9":{"start":{"line":50,"column":6},"end":{"line":59,"column":8}},"10":{"start":{"line":62,"column":4},"end":{"line":70,"column":6}},"11":{"start":{"line":68,"column":32},"end":{"line":68,"column":78}},"12":{"start":{"line":73,"column":2},"end":{"line":78,"column":4}},"13":{"start":{"line":31,"column":13},"end":{"line":31,"column":25}}},"fnMap":{"0":{"name":"(anonymous_0)","decl":{"start":{"line":31,"column":25},"end":{"line":31,"column":26}},"loc":{"start":{"line":40,"column":21},"end":{"line":79,"column":1}}},"1":{"name":"(anonymous_1)","decl":{"start":{"line":42,"column":4},"end":{"line":42,"column":5}},"loc":{"start":{"line":42,"column":23},"end":{"line":44,"column":5}}},"2":{"name":"(anonymous_2)","decl":{"start":{"line":48,"column":22},"end":{"line":48,"column":25}},"loc":{"start":{"line":48,"column":27},"end":{"line":71,"column":3}}},"3":{"name":"(anonymous_3)","decl":{"start":{"line":68,"column":18},"end":{"line":68,"column":19}},"loc":{"start":{"line":68,"column":32},"end":{"line":68,"column":78}}}},"branchMap":{"0":{"loc":{"start":{"line":37,"column":2},"end":{"line":37,"column":18}},"type":"default-arg","locations":[{"start":{"line":37,"column":13},"end":{"line":37,"column":18}}]},"1":{"loc":{"start":{"line":38,"column":2},"end":{"line":38,"column":18}},"type":"default-arg","locations":[{"start":{"line":38,"column":13},"end":{"line":38,"column":18}}]},"2":{"loc":{"start":{"line":39,"column":2},"end":{"line":39,"column":21}},"type":"default-arg","locations":[{"start":{"line":39,"column":16},"end":{"line":39,"column":21}}]},"3":{"loc":{"start":{"line":49,"column":4},"end":{"line":60,"column":5}},"type":"if","locations":[{"start":{"line":49,"column":4},"end":{"line":60,"column":5}},{"start":{},"end":{}}]},"4":{"loc":{"start":{"line":52,"column":17},"end":{"line":52,"column":32}},"type":"binary-expr","locations":[{"start":{"line":52,"column":17},"end":{"line":52,"column":22}},{"start":{"line":52,"column":26},"end":{"line":52,"column":32}}]},"5":{"loc":{"start":{"line":64,"column":15},"end":{"line":64,"column":30}},"type":"binary-expr","locations":[{"start":{"line":64,"column":15},"end":{"line":64,"column":20}},{"start":{"line":64,"column":24},"end":{"line":64,"column":30}}]},"6":{"loc":{"start":{"line":76,"column":7},"end":{"line":76,"column":54}},"type":"binary-expr","locations":[{"start":{"line":76,"column":7},"end":{"line":76,"column":14}},{"start":{"line":76,"column":18},"end":{"line":76,"column":54}}]}},"s":{"0":0,"1":0,"2":0,"3":0,"4":0,"5":0,"6":0,"7":0,"8":0,"9":0,"10":0,"11":0,"12":0,"13":0},"f":{"0":0,"1":0,"2":0,"3":0},"b":{"0":[0],"1":[0],"2":[0],"3":[0,0],"4":[0,0],"5":[0,0],"6":[0,0]}}
,"/home/runner/work/mediocre-hass-media-player-cards/mediocre-hass-media-player-cards/src/components/FormElements/actionsSchema.ts": {"path":"/home/runner/work/mediocre-hass-media-player-cards/mediocre-hass-media-player-cards/src/components/FormElements/actionsSchema.ts","statementMap":{"0":{"start":{"line":4,"column":36},"end":{"line":22,"column":1}},"1":{"start":{"line":5,"column":2},"end":{"line":21,"column":4}},"2":{"start":{"line":4,"column":13},"end":{"line":4,"column":36}}},"fnMap":{"0":{"name":"(anonymous_0)","decl":{"start":{"line":4,"column":36},"end":{"line":4,"column":39}},"loc":{"start":{"line":4,"column":41},"end":{"line":22,"column":1}}}},"branchMap":{},"s":{"0":0,"1":0,"2":0},"f":{"0":0},"b":{}}
,"/home/runner/work/mediocre-hass-media-player-cards/mediocre-hass-media-player-cards/src/components/FormElements/index.ts": {"path":"/home/runner/work/mediocre-hass-media-player-cards/mediocre-hass-media-player-cards/src/components/FormElements/index.ts","statementMap":{"0":{"start":{"line":1,"column":0},"end":{"line":1,"column":38}},"1":{"start":{"line":2,"column":0},"end":{"line":2,"column":33}},"2":{"start":{"line":3,"column":0},"end":{"line":3,"column":31}},"3":{"start":{"line":4,"column":0},"end":{"line":4,"column":29}},"4":{"start":{"line":5,"column":0},"end":{"line":5,"column":37}},"5":{"start":{"line":6,"column":0},"end":{"line":6,"column":37}},"6":{"start":{"line":7,"column":0},"end":{"line":7,"column":28}},"7":{"start":{"line":8,"column":0},"end":{"line":8,"column":32}}},"fnMap":{},"branchMap":{},"s":{"0":0,"1":0,"2":0,"3":0,"4":0,"5":0,"6":0,"7":0},"f":{},"b":{}}
,"/home/runner/work/mediocre-hass-media-player-cards/mediocre-hass-media-player-cards/src/components/GlanceGuard/GlanceGuard.tsx": {"path":"/home/runner/work/mediocre-hass-media-player-cards/mediocre-hass-media-player-cards/src/components/GlanceGuard/GlanceGuard.tsx","statementMap":{"0":{"start":{"line":2,"column":0},"end":{"line":2,"column":51}},"1":{"start":{"line":4,"column":27},"end":{"line":20,"column":1}},"2":{"start":{"line":5,"column":46},"end":{"line":5,"column":61}},"3":{"start":{"line":6,"column":2},"end":{"line":13,"column":9}},"4":{"start":{"line":8,"column":23},"end":{"line":8,"column":60}},"5":{"start":{"line":10,"column":4},"end":{"line":12,"column":7}},"6":{"start":{"line":11,"column":6},"end":{"line":11,"column":30}},"7":{"start":{"line":15,"column":2},"end":{"line":17,"column":3}},"8":{"start":{"line":16,"column":4},"end":{"line":16,"column":16}},"9":{"start":{"line":19,"column":2},"end":{"line":19,"column":18}},"10":{"start":{"line":4,"column":13},"end":{"line":4,"column":27}}},"fnMap":{"0":{"name":"(anonymous_0)","decl":{"start":{"line":4,"column":27},"end":{"line":4,"column":28}},"loc":{"start":{"line":4,"column":71},"end":{"line":20,"column":1}}},"1":{"name":"(anonymous_1)","decl":{"start":{"line":6,"column":12},"end":{"line":6,"column":15}},"loc":{"start":{"line":6,"column":17},"end":{"line":13,"column":3}}},"2":{"name":"(anonymous_2)","decl":{"start":{"line":10,"column":39},"end":{"line":10,"column":42}},"loc":{"start":{"line":10,"column":44},"end":{"line":12,"column":5}}}},"branchMap":{"0":{"loc":{"start":{"line":15,"column":2},"end":{"line":17,"column":3}},"type":"if","locations":[{"start":{"line":15,"column":2},"end":{"line":17,"column":3}},{"start":{},"end":{}}]}},"s":{"0":0,"1":0,"2":0,"3":0,"4":0,"5":0,"6":0,"7":0,"8":0,"9":0,"10":0},"f":{"0":0,"1":0,"2":0},"b":{"0":[0,0]}}
,"/home/runner/work/mediocre-hass-media-player-cards/mediocre-hass-media-player-cards/src/components/GlanceGuard/index.ts": {"path":"/home/runner/work/mediocre-hass-media-player-cards/mediocre-hass-media-player-cards/src/components/GlanceGuard/index.ts","statementMap":{"0":{"start":{"line":1,"column":0},"end":{"line":1,"column":30}}},"fnMap":{},"branchMap":{},"s":{"0":0},"f":{},"b":{}}
,"/home/runner/work/mediocre-hass-media-player-cards/mediocre-hass-media-player-cards/src/components/GroupChipsController/GroupChipsController.tsx": {"path":"/home/runner/work/mediocre-hass-media-player-cards/mediocre-hass-media-player-cards/src/components/GroupChipsController/GroupChipsController.tsx","statementMap":{"0":{"start":{"line":1,"column":0},"end":{"line":1,"column":44}},"1":{"start":{"line":2,"column":0},"end":{"line":2,"column":37}},"2":{"start":{"line":4,"column":0},"end":{"line":4,"column":67}},"3":{"start":{"line":6,"column":15},"end":{"line":27,"column":2}},"4":{"start":{"line":40,"column":67},"end":{"line":138,"column":1}},"5":{"start":{"line":45,"column":15},"end":{"line":45,"column":24}},"6":{"start":{"line":47,"column":39},"end":{"line":47,"column":45}},"7":{"start":{"line":49,"column":46},"end":{"line":49,"column":68}},"8":{"start":{"line":52,"column":23},"end":{"line":52,"column":60}},"9":{"start":{"line":53,"column":21},"end":{"line":53,"column":46}},"10":{"start":{"line":56,"column":28},"end":{"line":83,"column":47}},"11":{"start":{"line":57,"column":4},"end":{"line":57,"column":52}},"12":{"start":{"line":57,"column":42},"end":{"line":57,"column":52}},"13":{"start":{"line":59,"column":4},"end":{"line":82,"column":9}},"14":{"start":{"line":60,"column":20},"end":{"line":60,"column":39}},"15":{"start":{"line":61,"column":20},"end":{"line":61,"column":35}},"16":{"start":{"line":62,"column":18},"end":{"line":68,"column":8}},"17":{"start":{"line":70,"column":8},"end":{"line":70,"column":37}},"18":{"start":{"line":70,"column":25},"end":{"line":70,"column":37}},"19":{"start":{"line":71,"column":8},"end":{"line":71,"column":34}},"20":{"start":{"line":74,"column":8},"end":{"line":74,"column":52}},"21":{"start":{"line":74,"column":42},"end":{"line":74,"column":52}},"22":{"start":{"line":75,"column":8},"end":{"line":75,"column":51}},"23":{"start":{"line":75,"column":42},"end":{"line":75,"column":51}},"24":{"start":{"line":76,"column":8},"end":{"line":76,"column":44}},"25":{"start":{"line":79,"column":8},"end":{"line":79,"column":51}},"26":{"start":{"line":79,"column":41},"end":{"line":79,"column":51}},"27":{"start":{"line":80,"column":8},"end":{"line":80,"column":50}},"28":{"start":{"line":80,"column":41},"end":{"line":80,"column":50}},"29":{"start":{"line":81,"column":8},"end":{"line":81,"column":17}},"30":{"start":{"line":86,"column":28},"end":{"line":114,"column":null}},"31":{"start":{"line":88,"column":6},"end":{"line":88,"column":53}},"32":{"start":{"line":88,"column":46},"end":{"line":88,"column":53}},"33":{"start":{"line":89,"column":6},"end":{"line":89,"column":54}},"34":{"start":{"line":89,"column":32},"end":{"line":89,"column":52}},"35":{"start":{"line":90,"column":6},"end":{"line":111,"column":7}},"36":{"start":{"line":91,"column":24},"end":{"line":91,"column":46}},"37":{"start":{"line":92,"column":8},"end":{"line":108,"column":9}},"38":{"start":{"line":94,"column":10},"end":{"line":96,"column":13}},"39":{"start":{"line":99,"column":10},"end":{"line":103,"column":11}},"40":{"start":{"line":100,"column":12},"end":{"line":102,"column":15}},"41":{"start":{"line":104,"column":10},"end":{"line":107,"column":13}},"42":{"start":{"line":110,"column":8},"end":{"line":110,"column":25}},"43":{"start":{"line":112,"column":6},"end":{"line":112,"column":69}},"44":{"start":{"line":112,"column":32},"end":{"line":112,"column":67}},"45":{"start":{"line":112,"column":50},"end":{"line":112,"column":66}},"46":{"start":{"line":117,"column":2},"end":{"line":137,"column":4}},"47":{"start":{"line":120,"column":8},"end":{"line":122,"column":null}},"48":{"start":{"line":125,"column":12},"end":{"line":125,"column":67}},"49":{"start":{"line":40,"column":13},"end":{"line":40,"column":67}}},"fnMap":{"0":{"name":"(anonymous_0)","decl":{"start":{"line":40,"column":67},"end":{"line":40,"column":68}},"loc":{"start":{"line":44,"column":5},"end":{"line":138,"column":1}}},"1":{"name":"(anonymous_1)","decl":{"start":{"line":56,"column":36},"end":{"line":56,"column":39}},"loc":{"start":{"line":56,"column":41},"end":{"line":83,"column":3}}},"2":{"name":"(anonymous_2)","decl":{"start":{"line":60,"column":14},"end":{"line":60,"column":16}},"loc":{"start":{"line":60,"column":20},"end":{"line":60,"column":39}}},"3":{"name":"(anonymous_3)","decl":{"start":{"line":61,"column":14},"end":{"line":61,"column":16}},"loc":{"start":{"line":61,"column":20},"end":{"line":61,"column":35}}},"4":{"name":"(anonymous_4)","decl":{"start":{"line":62,"column":11},"end":{"line":62,"column":13}},"loc":{"start":{"line":62,"column":18},"end":{"line":68,"column":8}}},"5":{"name":"(anonymous_5)","decl":{"start":{"line":69,"column":14},"end":{"line":69,"column":21}},"loc":{"start":{"line":69,"column":24},"end":{"line":72,"column":7}}},"6":{"name":"(anonymous_6)","decl":{"start":{"line":73,"column":12},"end":{"line":73,"column":13}},"loc":{"start":{"line":73,"column":21},"end":{"line":77,"column":7}}},"7":{"name":"(anonymous_7)","decl":{"start":{"line":78,"column":12},"end":{"line":78,"column":13}},"loc":{"start":{"line":78,"column":21},"end":{"line":82,"column":7}}},"8":{"name":"(anonymous_8)","decl":{"start":{"line":87,"column":4},"end":{"line":87,"column":9}},"loc":{"start":{"line":87,"column":52},"end":{"line":113,"column":5}}},"9":{"name":"(anonymous_9)","decl":{"start":{"line":89,"column":24},"end":{"line":89,"column":28}},"loc":{"start":{"line":89,"column":32},"end":{"line":89,"column":52}}},"10":{"name":"(anonymous_10)","decl":{"start":{"line":112,"column":24},"end":{"line":112,"column":28}},"loc":{"start":{"line":112,"column":32},"end":{"line":112,"column":67}}},"11":{"name":"(anonymous_11)","decl":{"start":{"line":112,"column":44},"end":{"line":112,"column":46}},"loc":{"start":{"line":112,"column":50},"end":{"line":112,"column":66}}},"12":{"name":"(anonymous_12)","decl":{"start":{"line":119,"column":29},"end":{"line":119,"column":36}},"loc":{"start":{"line":120,"column":8},"end":{"line":122,"column":null}}},"13":{"name":"(anonymous_13)","decl":{"start":{"line":124,"column":19},"end":{"line":124,"column":22}},"loc":{"start":{"line":125,"column":12},"end":{"line":125,"column":67}}}},"branchMap":{"0":{"loc":{"start":{"line":52,"column":23},"end":{"line":52,"column":60}},"type":"binary-expr","locations":[{"start":{"line":52,"column":23},"end":{"line":52,"column":47}},{"start":{"line":52,"column":51},"end":{"line":52,"column":60}}]},"1":{"loc":{"start":{"line":57,"column":4},"end":{"line":57,"column":52}},"type":"if","locations":[{"start":{"line":57,"column":4},"end":{"line":57,"column":52}},{"start":{},"end":{}}]},"2":{"loc":{"start":{"line":64,"column":14},"end":{"line":64,"column":60}},"type":"binary-expr","locations":[{"start":{"line":64,"column":14},"end":{"line":64,"column":54}},{"start":{"line":64,"column":58},"end":{"line":64,"column":60}}]},"3":{"loc":{"start":{"line":65,"column":16},"end":{"line":65,"column":60}},"type":"binary-expr","locations":[{"start":{"line":65,"column":16},"end":{"line":65,"column":55}},{"start":{"line":65,"column":59},"end":{"line":65,"column":60}}]},"4":{"loc":{"start":{"line":66,"column":15},"end":{"line":66,"column":66}},"type":"binary-expr","locations":[{"start":{"line":66,"column":15},"end":{"line":66,"column":57}},{"start":{"line":66,"column":61},"end":{"line":66,"column":66}}]},"5":{"loc":{"start":{"line":67,"column":19},"end":{"line":67,"column":79}},"type":"binary-expr","locations":[{"start":{"line":67,"column":19},"end":{"line":67,"column":70}},{"start":{"line":67,"column":74},"end":{"line":67,"column":79}}]},"6":{"loc":{"start":{"line":70,"column":8},"end":{"line":70,"column":37}},"type":"if","locations":[{"start":{"line":70,"column":8},"end":{"line":70,"column":37}},{"start":{},"end":{}}]},"7":{"loc":{"start":{"line":74,"column":8},"end":{"line":74,"column":52}},"type":"if","locations":[{"start":{"line":74,"column":8},"end":{"line":74,"column":52}},{"start":{},"end":{}}]},"8":{"loc":{"start":{"line":75,"column":8},"end":{"line":75,"column":51}},"type":"if","locations":[{"start":{"line":75,"column":8},"end":{"line":75,"column":51}},{"start":{},"end":{}}]},"9":{"loc":{"start":{"line":79,"column":8},"end":{"line":79,"column":51}},"type":"if","locations":[{"start":{"line":79,"column":8},"end":{"line":79,"column":51}},{"start":{},"end":{}}]},"10":{"loc":{"start":{"line":79,"column":12},"end":{"line":79,"column":39}},"type":"binary-expr","locations":[{"start":{"line":79,"column":12},"end":{"line":79,"column":23}},{"start":{"line":79,"column":27},"end":{"line":79,"column":39}}]},"11":{"loc":{"start":{"line":80,"column":8},"end":{"line":80,"column":50}},"type":"if","locations":[{"start":{"line":80,"column":8},"end":{"line":80,"column":50}},{"start":{},"end":{}}]},"12":{"loc":{"start":{"line":80,"column":12},"end":{"line":80,"column":39}},"type":"binary-expr","locations":[{"start":{"line":80,"column":12},"end":{"line":80,"column":24}},{"start":{"line":80,"column":28},"end":{"line":80,"column":39}}]},"13":{"loc":{"start":{"line":88,"column":6},"end":{"line":88,"column":53}},"type":"if","locations":[{"start":{"line":88,"column":6},"end":{"line":88,"column":53}},{"start":{},"end":{}}]},"14":{"loc":{"start":{"line":92,"column":8},"end":{"line":108,"column":9}},"type":"if","locations":[{"start":{"line":92,"column":8},"end":{"line":108,"column":9}},{"start":{"line":97,"column":15},"end":{"line":108,"column":9}}]},"15":{"loc":{"start":{"line":99,"column":10},"end":{"line":103,"column":11}},"type":"if","locations":[{"start":{"line":99,"column":10},"end":{"line":103,"column":11}},{"start":{},"end":{}}]},"16":{"loc":{"start":{"line":127,"column":16},"end":{"line":127,"column":60}},"type":"cond-expr","locations":[{"start":{"line":127,"column":36},"end":{"line":127,"column":47}},{"start":{"line":127,"column":50},"end":{"line":127,"column":60}}]},"17":{"loc":{"start":{"line":130,"column":48},"end":{"line":130,"column":77}},"type":"binary-expr","locations":[{"start":{"line":130,"column":48},"end":{"line":130,"column":72}},{"start":{"line":130,"column":76},"end":{"line":130,"column":77}}]}},"s":{"0":0,"1":0,"2":0,"3":0,"4":0,"5":0,"6":0,"7":0,"8":0,"9":0,"10":0,"11":0,"12":0,"13":0,"14":0,"15":0,"16":0,"17":0,"18":0,"19":0,"20":0,"21":0,"22":0,"23":0,"24":0,"25":0,"26":0,"27":0,"28":0,"29":0,"30":0,"31":0,"32":0,"33":0,"34":0,"35":0,"36":0,"37":0,"38":0,"39":0,"40":0,"41":0,"42":0,"43":0,"44":0,"45":0,"46":0,"47":0,"48":0,"49":0},"f":{"0":0,"1":0,"2":0,"3":0,"4":0,"5":0,"6":0,"7":0,"8":0,"9":0,"10":0,"11":0,"12":0,"13":0},"b":{"0":[0,0],"1":[0,0],"2":[0,0],"3":[0,0],"4":[0,0],"5":[0,0],"6":[0,0],"7":[0,0],"8":[0,0],"9":[0,0],"10":[0,0],"11":[0,0],"12":[0,0],"13":[0,0],"14":[0,0],"15":[0,0],"16":[0,0],"17":[0,0]}}
,"/home/runner/work/mediocre-hass-media-player-cards/mediocre-hass-media-player-cards/src/components/GroupChipsController/index.ts": {"path":"/home/runner/work/mediocre-hass-media-player-cards/mediocre-hass-media-player-cards/src/components/GroupChipsController/index.ts","statementMap":{"0":{"start":{"line":1,"column":0},"end":{"line":1,"column":39}}},"fnMap":{},"branchMap":{},"s":{"0":0},"f":{},"b":{}}
,"/home/runner/work/mediocre-hass-media-player-cards/mediocre-hass-media-player-cards/src/components/GroupVolumeController/GroupVolumeController.tsx": {"path":"/home/runner/work/mediocre-hass-media-player-cards/mediocre-hass-media-player-cards/src/components/GroupVolumeController/GroupVolumeController.tsx","statementMap":{"0":{"start":{"line":1,"column":0},"end":{"line":1,"column":62}},"1":{"start":{"line":3,"column":0},"end":{"line":3,"column":58}},"2":{"start":{"line":4,"column":0},"end":{"line":4,"column":59}},"3":{"start":{"line":5,"column":0},"end":{"line":5,"column":37}},"4":{"start":{"line":7,"column":15},"end":{"line":39,"column":2}},"5":{"start":{"line":58,"column":37},"end":{"line":210,"column":1}},"6":{"start":{"line":62,"column":15},"end":{"line":62,"column":24}},"7":{"start":{"line":64,"column":46},"end":{"line":64,"column":68}},"8":{"start":{"line":67,"column":23},"end":{"line":67,"column":60}},"9":{"start":{"line":68,"column":21},"end":{"line":68,"column":46}},"10":{"start":{"line":71,"column":44},"end":{"line":97,"column":60}},"11":{"start":{"line":72,"column":4},"end":{"line":72,"column":67}},"12":{"start":{"line":72,"column":57},"end":{"line":72,"column":67}},"13":{"start":{"line":74,"column":28},"end":{"line":74,"column":64}},"14":{"start":{"line":77,"column":4},"end":{"line":79,"column":5}},"15":{"start":{"line":78,"column":6},"end":{"line":78,"column":41}},"16":{"start":{"line":81,"column":4},"end":{"line":96,"column":9}},"17":{"start":{"line":82,"column":20},"end":{"line":82,"column":35}},"18":{"start":{"line":83,"column":18},"end":{"line":91,"column":8}},"19":{"start":{"line":93,"column":8},"end":{"line":93,"column":52}},"20":{"start":{"line":93,"column":42},"end":{"line":93,"column":52}},"21":{"start":{"line":94,"column":8},"end":{"line":94,"column":51}},"22":{"start":{"line":94,"column":42},"end":{"line":94,"column":51}},"23":{"start":{"line":95,"column":8},"end":{"line":95,"column":44}},"24":{"start":{"line":100,"column":28},"end":{"line":128,"column":null}},"25":{"start":{"line":102,"column":6},"end":{"line":102,"column":53}},"26":{"start":{"line":102,"column":46},"end":{"line":102,"column":53}},"27":{"start":{"line":103,"column":6},"end":{"line":103,"column":54}},"28":{"start":{"line":103,"column":32},"end":{"line":103,"column":52}},"29":{"start":{"line":104,"column":6},"end":{"line":125,"column":7}},"30":{"start":{"line":105,"column":24},"end":{"line":105,"column":46}},"31":{"start":{"line":106,"column":8},"end":{"line":122,"column":9}},"32":{"start":{"line":108,"column":10},"end":{"line":110,"column":13}},"33":{"start":{"line":113,"column":10},"end":{"line":117,"column":11}},"34":{"start":{"line":114,"column":12},"end":{"line":116,"column":15}},"35":{"start":{"line":118,"column":10},"end":{"line":121,"column":13}},"36":{"start":{"line":124,"column":8},"end":{"line":124,"column":25}},"37":{"start":{"line":126,"column":6},"end":{"line":126,"column":69}},"38":{"start":{"line":126,"column":32},"end":{"line":126,"column":67}},"39":{"start":{"line":126,"column":50},"end":{"line":126,"column":66}},"40":{"start":{"line":131,"column":27},"end":{"line":136,"column":8}},"41":{"start":{"line":132,"column":4},"end":{"line":135,"column":7}},"42":{"start":{"line":139,"column":29},"end":{"line":144,"column":null}},"43":{"start":{"line":142,"column":6},"end":{"line":142,"column":68}},"44":{"start":{"line":147,"column":24},"end":{"line":195,"column":3}},"45":{"start":{"line":153,"column":6},"end":{"line":153,"column":13}},"46":{"start":{"line":154,"column":22},"end":{"line":154,"column":56}},"47":{"start":{"line":155,"column":23},"end":{"line":155,"column":65}},"48":{"start":{"line":157,"column":4},"end":{"line":194,"column":6}},"49":{"start":{"line":167,"column":27},"end":{"line":167,"column":61}},"50":{"start":{"line":180,"column":16},"end":{"line":180,"column":67}},"51":{"start":{"line":188,"column":27},"end":{"line":188,"column":66}},"52":{"start":{"line":197,"column":2},"end":{"line":209,"column":4}},"53":{"start":{"line":202,"column":31},"end":{"line":202,"column":48}},"54":{"start":{"line":204,"column":14},"end":{"line":204,"column":61}},"55":{"start":{"line":58,"column":13},"end":{"line":58,"column":37}}},"fnMap":{"0":{"name":"(anonymous_0)","decl":{"start":{"line":58,"column":37},"end":{"line":58,"column":38}},"loc":{"start":{"line":61,"column":33},"end":{"line":210,"column":1}}},"1":{"name":"(anonymous_1)","decl":{"start":{"line":71,"column":52},"end":{"line":71,"column":55}},"loc":{"start":{"line":71,"column":57},"end":{"line":97,"column":3}}},"2":{"name":"(anonymous_2)","decl":{"start":{"line":82,"column":14},"end":{"line":82,"column":16}},"loc":{"start":{"line":82,"column":20},"end":{"line":82,"column":35}}},"3":{"name":"(anonymous_3)","decl":{"start":{"line":83,"column":11},"end":{"line":83,"column":13}},"loc":{"start":{"line":83,"column":18},"end":{"line":91,"column":8}}},"4":{"name":"(anonymous_4)","decl":{"start":{"line":92,"column":12},"end":{"line":92,"column":13}},"loc":{"start":{"line":92,"column":21},"end":{"line":96,"column":7}}},"5":{"name":"(anonymous_5)","decl":{"start":{"line":101,"column":4},"end":{"line":101,"column":9}},"loc":{"start":{"line":101,"column":52},"end":{"line":127,"column":5}}},"6":{"name":"(anonymous_6)","decl":{"start":{"line":103,"column":24},"end":{"line":103,"column":28}},"loc":{"start":{"line":103,"column":32},"end":{"line":103,"column":52}}},"7":{"name":"(anonymous_7)","decl":{"start":{"line":126,"column":24},"end":{"line":126,"column":28}},"loc":{"start":{"line":126,"column":32},"end":{"line":126,"column":67}}},"8":{"name":"(anonymous_8)","decl":{"start":{"line":126,"column":44},"end":{"line":126,"column":46}},"loc":{"start":{"line":126,"column":50},"end":{"line":126,"column":66}}},"9":{"name":"(anonymous_9)","decl":{"start":{"line":131,"column":39},"end":{"line":131,"column":40}},"loc":{"start":{"line":131,"column":78},"end":{"line":136,"column":3}}},"10":{"name":"(anonymous_10)","decl":{"start":{"line":140,"column":4},"end":{"line":140,"column":5}},"loc":{"start":{"line":140,"column":65},"end":{"line":143,"column":5}}},"11":{"name":"(anonymous_11)","decl":{"start":{"line":147,"column":24},"end":{"line":147,"column":null}},"loc":{"start":{"line":151,"column":6},"end":{"line":195,"column":3}}},"12":{"name":"(anonymous_12)","decl":{"start":{"line":167,"column":21},"end":{"line":167,"column":24}},"loc":{"start":{"line":167,"column":27},"end":{"line":167,"column":61}}},"13":{"name":"(anonymous_13)","decl":{"start":{"line":179,"column":24},"end":{"line":179,"column":29}},"loc":{"start":{"line":180,"column":16},"end":{"line":180,"column":67}}},"14":{"name":"(anonymous_14)","decl":{"start":{"line":188,"column":21},"end":{"line":188,"column":24}},"loc":{"start":{"line":188,"column":27},"end":{"line":188,"column":66}}},"15":{"name":"(anonymous_15)","decl":{"start":{"line":202,"column":20},"end":{"line":202,"column":27}},"loc":{"start":{"line":202,"column":31},"end":{"line":202,"column":48}}},"16":{"name":"(anonymous_16)","decl":{"start":{"line":203,"column":17},"end":{"line":203,"column":18}},"loc":{"start":{"line":204,"column":14},"end":{"line":204,"column":61}}}},"branchMap":{"0":{"loc":{"start":{"line":67,"column":23},"end":{"line":67,"column":60}},"type":"binary-expr","locations":[{"start":{"line":67,"column":23},"end":{"line":67,"column":47}},{"start":{"line":67,"column":51},"end":{"line":67,"column":60}}]},"1":{"loc":{"start":{"line":72,"column":4},"end":{"line":72,"column":67}},"type":"if","locations":[{"start":{"line":72,"column":4},"end":{"line":72,"column":67}},{"start":{},"end":{}}]},"2":{"loc":{"start":{"line":72,"column":8},"end":{"line":72,"column":55}},"type":"binary-expr","locations":[{"start":{"line":72,"column":8},"end":{"line":72,"column":40}},{"start":{"line":72,"column":44},"end":{"line":72,"column":55}}]},"3":{"loc":{"start":{"line":74,"column":33},"end":{"line":74,"column":62}},"type":"binary-expr","locations":[{"start":{"line":74,"column":33},"end":{"line":74,"column":56}},{"start":{"line":74,"column":60},"end":{"line":74,"column":62}}]},"4":{"loc":{"start":{"line":77,"column":4},"end":{"line":79,"column":5}},"type":"if","locations":[{"start":{"line":77,"column":4},"end":{"line":79,"column":5}},{"start":{},"end":{}}]},"5":{"loc":{"start":{"line":77,"column":8},"end":{"line":77,"column":61}},"type":"binary-expr","locations":[{"start":{"line":77,"column":8},"end":{"line":77,"column":18}},{"start":{"line":77,"column":22},"end":{"line":77,"column":61}}]},"6":{"loc":{"start":{"line":85,"column":14},"end":{"line":85,"column":60}},"type":"binary-expr","locations":[{"start":{"line":85,"column":14},"end":{"line":85,"column":54}},{"start":{"line":85,"column":58},"end":{"line":85,"column":60}}]},"7":{"loc":{"start":{"line":86,"column":16},"end":{"line":86,"column":60}},"type":"binary-expr","locations":[{"start":{"line":86,"column":16},"end":{"line":86,"column":55}},{"start":{"line":86,"column":59},"end":{"line":86,"column":60}}]},"8":{"loc":{"start":{"line":87,"column":15},"end":{"line":87,"column":66}},"type":"binary-expr","locations":[{"start":{"line":87,"column":15},"end":{"line":87,"column":57}},{"start":{"line":87,"column":61},"end":{"line":87,"column":66}}]},"9":{"loc":{"start":{"line":88,"column":19},"end":{"line":88,"column":79}},"type":"binary-expr","locations":[{"start":{"line":88,"column":19},"end":{"line":88,"column":70}},{"start":{"line":88,"column":74},"end":{"line":88,"column":79}}]},"10":{"loc":{"start":{"line":90,"column":10},"end":{"line":90,"column":68}},"type":"binary-expr","locations":[{"start":{"line":90,"column":10},"end":{"line":90,"column":59}},{"start":{"line":90,"column":63},"end":{"line":90,"column":68}}]},"11":{"loc":{"start":{"line":93,"column":8},"end":{"line":93,"column":52}},"type":"if","locations":[{"start":{"line":93,"column":8},"end":{"line":93,"column":52}},{"start":{},"end":{}}]},"12":{"loc":{"start":{"line":94,"column":8},"end":{"line":94,"column":51}},"type":"if","locations":[{"start":{"line":94,"column":8},"end":{"line":94,"column":51}},{"start":{},"end":{}}]},"13":{"loc":{"start":{"line":102,"column":6},"end":{"line":102,"column":53}},"type":"if","locations":[{"start":{"line":102,"column":6},"end":{"line":102,"column":53}},{"start":{},"end":{}}]},"14":{"loc":{"start":{"line":106,"column":8},"end":{"line":122,"column":9}},"type":"if","locations":[{"start":{"line":106,"column":8},"end":{"line":122,"column":9}},{"start":{"line":111,"column":15},"end":{"line":122,"column":9}}]},"15":{"loc":{"start":{"line":113,"column":10},"end":{"line":117,"column":11}},"type":"if","locations":[{"start":{"line":113,"column":10},"end":{"line":117,"column":11}},{"start":{},"end":{}}]},"16":{"loc":{"start":{"line":142,"column":34},"end":{"line":142,"column":66}},"type":"binary-expr","locations":[{"start":{"line":142,"column":34},"end":{"line":142,"column":47}},{"start":{"line":142,"column":51},"end":{"line":142,"column":66}}]},"17":{"loc":{"start":{"line":155,"column":23},"end":{"line":155,"column":65}},"type":"binary-expr","locations":[{"start":{"line":155,"column":23},"end":{"line":155,"column":32}},{"start":{"line":155,"column":37},"end":{"line":155,"column":50}},{"start":{"line":155,"column":54},"end":{"line":155,"column":64}}]},"18":{"loc":{"start":{"line":160,"column":33},"end":{"line":160,"column":76}},"type":"binary-expr","locations":[{"start":{"line":160,"column":33},"end":{"line":160,"column":46}},{"start":{"line":160,"column":50},"end":{"line":160,"column":76}}]},"19":{"loc":{"start":{"line":189,"column":18},"end":{"line":189,"column":54}},"type":"cond-expr","locations":[{"start":{"line":189,"column":30},"end":{"line":189,"column":41}},{"start":{"line":189,"column":44},"end":{"line":189,"column":54}}]}},"s":{"0":0,"1":0,"2":0,"3":0,"4":0,"5":0,"6":0,"7":0,"8":0,"9":0,"10":0,"11":0,"12":0,"13":0,"14":0,"15":0,"16":0,"17":0,"18":0,"19":0,"20":0,"21":0,"22":0,"23":0,"24":0,"25":0,"26":0,"27":0,"28":0,"29":0,"30":0,"31":0,"32":0,"33":0,"34":0,"35":0,"36":0,"37":0,"38":0,"39":0,"40":0,"41":0,"42":0,"43":0,"44":0,"45":0,"46":0,"47":0,"48":0,"49":0,"50":0,"51":0,"52":0,"53":0,"54":0,"55":0},"f":{"0":0,"1":0,"2":0,"3":0,"4":0,"5":0,"6":0,"7":0,"8":0,"9":0,"10":0,"11":0,"12":0,"13":0,"14":0,"15":0,"16":0},"b":{"0":[0,0],"1":[0,0],"2":[0,0],"3":[0,0],"4":[0,0],"5":[0,0],"6":[0,0],"7":[0,0],"8":[0,0],"9":[0,0],"10":[0,0],"11":[0,0],"12":[0,0],"13":[0,0],"14":[0,0],"15":[0,0],"16":[0,0],"17":[0,0,0],"18":[0,0],"19":[0,0]}}
,"/home/runner/work/mediocre-hass-media-player-cards/mediocre-hass-media-player-cards/src/components/GroupVolumeController/index.ts": {"path":"/home/runner/work/mediocre-hass-media-player-cards/mediocre-hass-media-player-cards/src/components/GroupVolumeController/index.ts","statementMap":{"0":{"start":{"line":1,"column":0},"end":{"line":1,"column":40}}},"fnMap":{},"branchMap":{},"s":{"0":0},"f":{},"b":{}}
,"/home/runner/work/mediocre-hass-media-player-cards/mediocre-hass-media-player-cards/src/components/HaSearch/HaSearch.tsx": {"path":"/home/runner/work/mediocre-hass-media-player-cards/mediocre-hass-media-player-cards/src/components/HaSearch/HaSearch.tsx","statementMap":{"0":{"start":{"line":1,"column":0},"end":{"line":1,"column":54}},"1":{"start":{"line":2,"column":0},"end":{"line":2,"column":53}},"2":{"start":{"line":3,"column":0},"end":{"line":3,"column":49}},"3":{"start":{"line":4,"column":0},"end":{"line":4,"column":null}},"4":{"start":{"line":15,"column":0},"end":{"line":15,"column":50}},"5":{"start":{"line":16,"column":0},"end":{"line":16,"column":34}},"6":{"start":{"line":17,"column":0},"end":{"line":17,"column":70}},"7":{"start":{"line":19,"column":34},"end":{"line":25,"column":2}},"8":{"start":{"line":34,"column":24},"end":{"line":214,"column":1}},"9":{"start":{"line":40,"column":28},"end":{"line":40,"column":40}},"10":{"start":{"line":41,"column":40},"end":{"line":41,"column":74}},"11":{"start":{"line":42,"column":25},"end":{"line":42,"column":48}},"12":{"start":{"line":43,"column":42},"end":{"line":43,"column":71}},"13":{"start":{"line":45,"column":28},"end":{"line":50,"column":19}},"14":{"start":{"line":46,"column":42},"end":{"line":46,"column":76}},"15":{"start":{"line":47,"column":25},"end":{"line":47,"column":58}},"16":{"start":{"line":48,"column":22},"end":{"line":48,"column":62}},"17":{"start":{"line":49,"column":4},"end":{"line":49,"column":44}},"18":{"start":{"line":52,"column":48},"end":{"line":55,"column":null}},"19":{"start":{"line":58,"column":24},"end":{"line":60,"column":null}},"20":{"start":{"line":63,"column":26},"end":{"line":89,"column":3}},"21":{"start":{"line":64,"column":4},"end":{"line":88,"column":6}},"22":{"start":{"line":91,"column":28},"end":{"line":107,"column":3}},"23":{"start":{"line":92,"column":4},"end":{"line":106,"column":7}},"24":{"start":{"line":93,"column":6},"end":{"line":100,"column":null}},"25":{"start":{"line":101,"column":23},"end":{"line":101,"column":51}},"26":{"start":{"line":109,"column":23},"end":{"line":156,"column":3}},"27":{"start":{"line":110,"column":4},"end":{"line":110,"column":29}},"28":{"start":{"line":110,"column":17},"end":{"line":110,"column":29}},"29":{"start":{"line":111,"column":48},"end":{"line":111,"column":54}},"30":{"start":{"line":112,"column":4},"end":{"line":112,"column":74}},"31":{"start":{"line":112,"column":62},"end":{"line":112,"column":74}},"32":{"start":{"line":113,"column":4},"end":{"line":113,"column":68}},"33":{"start":{"line":113,"column":56},"end":{"line":113,"column":68}},"34":{"start":{"line":115,"column":4},"end":{"line":155,"column":6}},"35":{"start":{"line":118,"column":44},"end":{"line":118,"column":70}},"36":{"start":{"line":126,"column":16},"end":{"line":127,"column":null}},"37":{"start":{"line":130,"column":33},"end":{"line":130,"column":70}},"38":{"start":{"line":139,"column":16},"end":{"line":140,"column":null}},"39":{"start":{"line":143,"column":33},"end":{"line":143,"column":70}},"40":{"start":{"line":158,"column":2},"end":{"line":213,"column":4}},"41":{"start":{"line":177,"column":31},"end":{"line":177,"column":58}},"42":{"start":{"line":190,"column":14},"end":{"line":191,"column":null}},"43":{"start":{"line":194,"column":31},"end":{"line":194,"column":68}},"44":{"start":{"line":34,"column":13},"end":{"line":34,"column":24}},"45":{"start":{"line":216,"column":25},"end":{"line":229,"column":1}},"46":{"start":{"line":217,"column":2},"end":{"line":228,"column":3}},"47":{"start":{"line":219,"column":6},"end":{"line":219,"column":31}},"48":{"start":{"line":221,"column":6},"end":{"line":221,"column":35}},"49":{"start":{"line":223,"column":6},"end":{"line":223,"column":33}},"50":{"start":{"line":225,"column":6},"end":{"line":225,"column":33}},"51":{"start":{"line":227,"column":6},"end":{"line":227,"column":31}},"52":{"start":{"line":231,"column":28},"end":{"line":244,"column":1}},"53":{"start":{"line":232,"column":2},"end":{"line":243,"column":3}},"54":{"start":{"line":234,"column":6},"end":{"line":234,"column":24}},"55":{"start":{"line":236,"column":6},"end":{"line":236,"column":29}},"56":{"start":{"line":238,"column":6},"end":{"line":238,"column":24}},"57":{"start":{"line":240,"column":6},"end":{"line":240,"column":28}},"58":{"start":{"line":242,"column":6},"end":{"line":242,"column":20}}},"fnMap":{"0":{"name":"(anonymous_0)","decl":{"start":{"line":34,"column":24},"end":{"line":34,"column":25}},"loc":{"start":{"line":39,"column":20},"end":{"line":214,"column":1}}},"1":{"name":"(anonymous_1)","decl":{"start":{"line":45,"column":40},"end":{"line":45,"column":43}},"loc":{"start":{"line":45,"column":45},"end":{"line":50,"column":3}}},"2":{"name":"(anonymous_2)","decl":{"start":{"line":63,"column":26},"end":{"line":63,"column":29}},"loc":{"start":{"line":63,"column":31},"end":{"line":89,"column":3}}},"3":{"name":"(anonymous_3)","decl":{"start":{"line":91,"column":28},"end":{"line":91,"column":31}},"loc":{"start":{"line":91,"column":33},"end":{"line":107,"column":3}}},"4":{"name":"(anonymous_4)","decl":{"start":{"line":92,"column":23},"end":{"line":92,"column":29}},"loc":{"start":{"line":93,"column":6},"end":{"line":100,"column":null}}},"5":{"name":"(anonymous_5)","decl":{"start":{"line":101,"column":17},"end":{"line":101,"column":20}},"loc":{"start":{"line":101,"column":23},"end":{"line":101,"column":51}}},"6":{"name":"(anonymous_6)","decl":{"start":{"line":109,"column":23},"end":{"line":109,"column":24}},"loc":{"start":{"line":109,"column":78},"end":{"line":156,"column":3}}},"7":{"name":"(anonymous_7)","decl":{"start":{"line":118,"column":38},"end":{"line":118,"column":41}},"loc":{"start":{"line":118,"column":44},"end":{"line":118,"column":70}}},"8":{"name":"(anonymous_8)","decl":{"start":{"line":125,"column":14},"end":{"line":125,"column":18}},"loc":{"start":{"line":126,"column":16},"end":{"line":127,"column":null}}},"9":{"name":"(anonymous_9)","decl":{"start":{"line":130,"column":27},"end":{"line":130,"column":30}},"loc":{"start":{"line":130,"column":33},"end":{"line":130,"column":70}}},"10":{"name":"(anonymous_10)","decl":{"start":{"line":138,"column":14},"end":{"line":138,"column":18}},"loc":{"start":{"line":139,"column":16},"end":{"line":140,"column":null}}},"11":{"name":"(anonymous_11)","decl":{"start":{"line":143,"column":27},"end":{"line":143,"column":30}},"loc":{"start":{"line":143,"column":33},"end":{"line":143,"column":70}}},"12":{"name":"(anonymous_12)","decl":{"start":{"line":177,"column":23},"end":{"line":177,"column":27}},"loc":{"start":{"line":177,"column":31},"end":{"line":177,"column":58}}},"13":{"name":"(anonymous_13)","decl":{"start":{"line":189,"column":27},"end":{"line":189,"column":31}},"loc":{"start":{"line":190,"column":14},"end":{"line":191,"column":null}}},"14":{"name":"(anonymous_14)","decl":{"start":{"line":194,"column":25},"end":{"line":194,"column":28}},"loc":{"start":{"line":194,"column":31},"end":{"line":194,"column":68}}},"15":{"name":"(anonymous_15)","decl":{"start":{"line":216,"column":25},"end":{"line":216,"column":26}},"loc":{"start":{"line":216,"column":56},"end":{"line":229,"column":1}}},"16":{"name":"(anonymous_16)","decl":{"start":{"line":231,"column":28},"end":{"line":231,"column":29}},"loc":{"start":{"line":231,"column":59},"end":{"line":244,"column":1}}}},"branchMap":{"0":{"loc":{"start":{"line":38,"column":2},"end":{"line":38,"column":27}},"type":"default-arg","locations":[{"start":{"line":38,"column":22},"end":{"line":38,"column":27}}]},"1":{"loc":{"start":{"line":60,"column":4},"end":{"line":60,"column":33}},"type":"binary-expr","locations":[{"start":{"line":60,"column":4},"end":{"line":60,"column":16}},{"start":{"line":60,"column":20},"end":{"line":60,"column":33}}]},"2":{"loc":{"start":{"line":97,"column":19},"end":{"line":97,"column":57}},"type":"cond-expr","locations":[{"start":{"line":97,"column":50},"end":{"line":97,"column":51}},{"start":{"line":97,"column":54},"end":{"line":97,"column":57}}]},"3":{"loc":{"start":{"line":98,"column":22},"end":{"line":98,"column":70}},"type":"cond-expr","locations":[{"start":{"line":98,"column":53},"end":{"line":98,"column":59}},{"start":{"line":98,"column":62},"end":{"line":98,"column":70}}]},"4":{"loc":{"start":{"line":110,"column":4},"end":{"line":110,"column":29}},"type":"if","locations":[{"start":{"line":110,"column":4},"end":{"line":110,"column":29}},{"start":{},"end":{}}]},"5":{"loc":{"start":{"line":112,"column":4},"end":{"line":112,"column":74}},"type":"if","locations":[{"start":{"line":112,"column":4},"end":{"line":112,"column":74}},{"start":{},"end":{}}]},"6":{"loc":{"start":{"line":112,"column":8},"end":{"line":112,"column":60}},"type":"binary-expr","locations":[{"start":{"line":112,"column":8},"end":{"line":112,"column":30}},{"start":{"line":112,"column":34},"end":{"line":112,"column":60}}]},"7":{"loc":{"start":{"line":113,"column":4},"end":{"line":113,"column":68}},"type":"if","locations":[{"start":{"line":113,"column":4},"end":{"line":113,"column":68}},{"start":{},"end":{}}]},"8":{"loc":{"start":{"line":113,"column":8},"end":{"line":113,"column":54}},"type":"binary-expr","locations":[{"start":{"line":113,"column":8},"end":{"line":113,"column":28}},{"start":{"line":113,"column":32},"end":{"line":113,"column":54}}]},"9":{"loc":{"start":{"line":117,"column":9},"end":{"line":120,"column":null}},"type":"binary-expr","locations":[{"start":{"line":117,"column":9},"end":{"line":117,"column":31}},{"start":{"line":118,"column":10},"end":{"line":119,"column":null}}]},"10":{"loc":{"start":{"line":122,"column":9},"end":{"line":147,"column":null}},"type":"cond-expr","locations":[{"start":{"line":123,"column":10},"end":{"line":133,"column":null}},{"start":{"line":136,"column":10},"end":{"line":146,"column":null}}]},"11":{"loc":{"start":{"line":124,"column":14},"end":{"line":124,"column":68}},"type":"cond-expr","locations":[{"start":{"line":124,"column":39},"end":{"line":124,"column":58}},{"start":{"line":124,"column":61},"end":{"line":124,"column":68}}]},"12":{"loc":{"start":{"line":137,"column":14},"end":{"line":137,"column":68}},"type":"cond-expr","locations":[{"start":{"line":137,"column":39},"end":{"line":137,"column":58}},{"start":{"line":137,"column":61},"end":{"line":137,"column":68}}]},"13":{"loc":{"start":{"line":149,"column":9},"end":{"line":152,"column":null}},"type":"binary-expr","locations":[{"start":{"line":149,"column":9},"end":{"line":149,"column":29}},{"start":{"line":150,"column":10},"end":{"line":151,"column":null}}]},"14":{"loc":{"start":{"line":151,"column":13},"end":{"line":151,"column":61}},"type":"cond-expr","locations":[{"start":{"line":151,"column":25},"end":{"line":151,"column":39}},{"start":{"line":151,"column":42},"end":{"line":151,"column":61}}]},"15":{"loc":{"start":{"line":162,"column":8},"end":{"line":162,"column":74}},"type":"binary-expr","locations":[{"start":{"line":162,"column":8},"end":{"line":162,"column":38}},{"start":{"line":162,"column":42},"end":{"line":162,"column":74}}]},"16":{"loc":{"start":{"line":168,"column":7},"end":{"line":168,"column":55}},"type":"binary-expr","locations":[{"start":{"line":168,"column":7},"end":{"line":168,"column":34}},{"start":{"line":168,"column":38},"end":{"line":168,"column":55}}]},"17":{"loc":{"start":{"line":169,"column":7},"end":{"line":178,"column":null}},"type":"binary-expr","locations":[{"start":{"line":169,"column":7},"end":{"line":169,"column":14}},{"start":{"line":169,"column":18},"end":{"line":169,"column":30}},{"start":{"line":170,"column":8},"end":{"line":177,"column":null}}]},"18":{"loc":{"start":{"line":172,"column":12},"end":{"line":174,"column":18}},"type":"cond-expr","locations":[{"start":{"line":173,"column":16},"end":{"line":173,"column":60}},{"start":{"line":174,"column":16},"end":{"line":174,"column":18}}]},"19":{"loc":{"start":{"line":180,"column":7},"end":{"line":198,"column":null}},"type":"binary-expr","locations":[{"start":{"line":180,"column":7},"end":{"line":180,"column":19}},{"start":{"line":180,"column":23},"end":{"line":180,"column":43}},{"start":{"line":181,"column":8},"end":{"line":197,"column":null}}]},"20":{"loc":{"start":{"line":183,"column":12},"end":{"line":185,"column":18}},"type":"cond-expr","locations":[{"start":{"line":184,"column":16},"end":{"line":184,"column":60}},{"start":{"line":185,"column":16},"end":{"line":185,"column":18}}]},"21":{"loc":{"start":{"line":200,"column":7},"end":{"line":209,"column":null}},"type":"binary-expr","locations":[{"start":{"line":200,"column":7},"end":{"l
[...]
,"/home/runner/work/mediocre-hass-media-player-cards/mediocre-hass-media-player-cards/src/utils/getDeviceIcon.ts": {"path":"/home/runner/work/mediocre-hass-media-player-cards/mediocre-hass-media-player-cards/src/utils/getDeviceIcon.ts","statementMap":{"0":{"start":{"line":1,"column":29},"end":{"line":19,"column":1}},"1":{"start":{"line":8,"column":2},"end":{"line":10,"column":3}},"2":{"start":{"line":9,"column":4},"end":{"line":9,"column":16}},"3":{"start":{"line":11,"column":2},"end":{"line":18,"column":3}},"4":{"start":{"line":13,"column":6},"end":{"line":13,"column":27}},"5":{"start":{"line":15,"column":6},"end":{"line":15,"column":31}},"6":{"start":{"line":17,"column":6},"end":{"line":17,"column":27}},"7":{"start":{"line":1,"column":13},"end":{"line":1,"column":29}}},"fnMap":{"0":{"name":"(anonymous_0)","decl":{"start":{"line":1,"column":29},"end":{"line":1,"column":30}},"loc":{"start":{"line":7,"column":5},"end":{"line":19,"column":1}}}},"branchMap":{"0":{"loc":{"start":{"line":8,"column":2},"end":{"line":10,"column":3}},"type":"if","locations":[{"start":{"line":8,"column":2},"end":{"line":10,"column":3}},{"start":{},"end":{}}]},"1":{"loc":{"start":{"line":11,"column":2},"end":{"line":18,"column":3}},"type":"switch","locations":[{"start":{"line":12,"column":4},"end":{"line":13,"column":27}},{"start":{"line":14,"column":4},"end":{"line":15,"column":31}},{"start":{"line":16,"column":4},"end":{"line":17,"column":27}}]}},"s":{"0":0,"1":0,"2":0,"3":0,"4":0,"5":0,"6":0,"7":0},"f":{"0":0},"b":{"0":[0,0],"1":[0,0,0]}}
,"/home/runner/work/mediocre-hass-media-player-cards/mediocre-hass-media-player-cards/src/utils/getDidMediaPlayerUpdate.ts": {"path":"/home/runner/work/mediocre-hass-media-player-cards/mediocre-hass-media-player-cards/src/utils/getDidMediaPlayerUpdate.ts","statementMap":{"0":{"start":{"line":3,"column":39},"end":{"line":72,"column":1}},"1":{"start":{"line":9,"column":22},"end":{"line":32,"column":8}},"2":{"start":{"line":36,"column":25},"end":{"line":42,"column":3}},"3":{"start":{"line":37,"column":18},"end":{"line":37,"column":33}},"4":{"start":{"line":38,"column":4},"end":{"line":41,"column":6}},"5":{"start":{"line":39,"column":22},"end":{"line":39,"column":76}},"6":{"start":{"line":45,"column":22},"end":{"line":51,"column":3}},"7":{"start":{"line":46,"column":4},"end":{"line":46,"column":44}},"8":{"start":{"line":46,"column":31},"end":{"line":46,"column":44}},"9":{"start":{"line":47,"column":4},"end":{"line":49,"column":5}},"10":{"start":{"line":47,"column":17},"end":{"line":47,"column":18}},"11":{"start":{"line":48,"column":6},"end":{"line":48,"column":38}},"12":{"start":{"line":48,"column":25},"end":{"line":48,"column":38}},"13":{"start":{"line":50,"column":4},"end":{"line":50,"column":16}},"14":{"start":{"line":54,"column":2},"end":{"line":68,"column":3}},"15":{"start":{"line":55,"column":22},"end":{"line":55,"column":53}},"16":{"start":{"line":56,"column":25},"end":{"line":56,"column":52}},"17":{"start":{"line":59,"column":4},"end":{"line":67,"column":5}},"18":{"start":{"line":60,"column":6},"end":{"line":62,"column":7}},"19":{"start":{"line":61,"column":8},"end":{"line":61,"column":20}},"20":{"start":{"line":65,"column":9},"end":{"line":67,"column":5}},"21":{"start":{"line":66,"column":6},"end":{"line":66,"column":18}},"22":{"start":{"line":71,"column":2},"end":{"line":71,"column":15}},"23":{"start":{"line":3,"column":13},"end":{"line":3,"column":39}}},"fnMap":{"0":{"name":"(anonymous_0)","decl":{"start":{"line":3,"column":39},"end":{"line":3,"column":null}},"loc":{"start":{"line":7,"column":4},"end":{"line":72,"column":1}}},"1":{"name":"(anonymous_1)","decl":{"start":{"line":36,"column":25},"end":{"line":36,"column":26}},"loc":{"start":{"line":36,"column":52},"end":{"line":42,"column":3}}},"2":{"name":"(anonymous_2)","decl":{"start":{"line":39,"column":6},"end":{"line":39,"column":7}},"loc":{"start":{"line":39,"column":22},"end":{"line":39,"column":76}}},"3":{"name":"(anonymous_3)","decl":{"start":{"line":45,"column":22},"end":{"line":45,"column":23}},"loc":{"start":{"line":45,"column":62},"end":{"line":51,"column":3}}}},"branchMap":{"0":{"loc":{"start":{"line":9,"column":22},"end":{"line":32,"column":8}},"type":"cond-expr","locations":[{"start":{"line":10,"column":6},"end":{"line":15,"column":null}},{"start":{"line":16,"column":6},"end":{"line":32,"column":8}}]},"1":{"loc":{"start":{"line":39,"column":22},"end":{"line":39,"column":76}},"type":"cond-expr","locations":[{"start":{"line":39,"column":55},"end":{"line":39,"column":64}},{"start":{"line":39,"column":67},"end":{"line":39,"column":76}}]},"2":{"loc":{"start":{"line":39,"column":22},"end":{"line":39,"column":52}},"type":"binary-expr","locations":[{"start":{"line":39,"column":22},"end":{"line":39,"column":25}},{"start":{"line":39,"column":29},"end":{"line":39,"column":52}}]},"3":{"loc":{"start":{"line":46,"column":4},"end":{"line":46,"column":44}},"type":"if","locations":[{"start":{"line":46,"column":4},"end":{"line":46,"column":44}},{"start":{},"end":{}}]},"4":{"loc":{"start":{"line":48,"column":6},"end":{"line":48,"column":38}},"type":"if","locations":[{"start":{"line":48,"column":6},"end":{"line":48,"column":38}},{"start":{},"end":{}}]},"5":{"loc":{"start":{"line":59,"column":4},"end":{"line":67,"column":5}},"type":"if","locations":[{"start":{"line":59,"column":4},"end":{"line":67,"column":5}},{"start":{"line":65,"column":9},"end":{"line":67,"column":5}}]},"6":{"loc":{"start":{"line":59,"column":8},"end":{"line":59,"column":63}},"type":"binary-expr","locations":[{"start":{"line":59,"column":8},"end":{"line":59,"column":32}},{"start":{"line":59,"column":36},"end":{"line":59,"column":63}}]},"7":{"loc":{"start":{"line":60,"column":6},"end":{"line":62,"column":7}},"type":"if","locations":[{"start":{"line":60,"column":6},"end":{"line":62,"column":7}},{"start":{},"end":{}}]},"8":{"loc":{"start":{"line":65,"column":9},"end":{"line":67,"column":5}},"type":"if","locations":[{"start":{"line":65,"column":9},"end":{"line":67,"column":5}},{"start":{},"end":{}}]}},"s":{"0":0,"1":0,"2":0,"3":0,"4":0,"5":0,"6":0,"7":0,"8":0,"9":0,"10":0,"11":0,"12":0,"13":0,"14":0,"15":0,"16":0,"17":0,"18":0,"19":0,"20":0,"21":0,"22":0,"23":0},"f":{"0":0,"1":0,"2":0,"3":0},"b":{"0":[0,0],"1":[0,0],"2":[0,0],"3":[0,0],"4":[0,0],"5":[0,0],"6":[0,0],"7":[0,0],"8":[0,0]}}
,"/home/runner/work/mediocre-hass-media-player-cards/mediocre-hass-media-player-cards/src/utils/getHass.ts": {"path":"/home/runner/work/mediocre-hass-media-player-cards/mediocre-hass-media-player-cards/src/utils/getHass.ts","statementMap":{"0":{"start":{"line":3,"column":0},"end":{"line":3,"column":16}},"1":{"start":{"line":5,"column":2},"end":{"line":5,"column":72}}},"fnMap":{"0":{"name":"getHass","decl":{"start":{"line":3,"column":16},"end":{"line":3,"column":23}},"loc":{"start":{"line":3,"column":23},"end":{"line":6,"column":1}}}},"branchMap":{},"s":{"0":0,"1":0},"f":{"0":0},"b":{}}
,"/home/runner/work/mediocre-hass-media-player-cards/mediocre-hass-media-player-cards/src/utils/getVolumeIcon.ts": {"path":"/home/runner/work/mediocre-hass-media-player-cards/mediocre-hass-media-player-cards/src/utils/getVolumeIcon.ts","statementMap":{"0":{"start":{"line":1,"column":29},"end":{"line":5,"column":1}},"1":{"start":{"line":2,"column":2},"end":{"line":2,"column":59}},"2":{"start":{"line":2,"column":35},"end":{"line":2,"column":59}},"3":{"start":{"line":3,"column":2},"end":{"line":3,"column":47}},"4":{"start":{"line":3,"column":20},"end":{"line":3,"column":47}},"5":{"start":{"line":4,"column":2},"end":{"line":4,"column":27}},"6":{"start":{"line":1,"column":13},"end":{"line":1,"column":29}}},"fnMap":{"0":{"name":"(anonymous_0)","decl":{"start":{"line":1,"column":29},"end":{"line":1,"column":30}},"loc":{"start":{"line":1,"column":70},"end":{"line":5,"column":1}}}},"branchMap":{"0":{"loc":{"start":{"line":2,"column":2},"end":{"line":2,"column":59}},"type":"if","locations":[{"start":{"line":2,"column":2},"end":{"line":2,"column":59}},{"start":{},"end":{}}]},"1":{"loc":{"start":{"line":2,"column":6},"end":{"line":2,"column":33}},"type":"binary-expr","locations":[{"start":{"line":2,"column":6},"end":{"line":2,"column":18}},{"start":{"line":2,"column":22},"end":{"line":2,"column":33}}]},"2":{"loc":{"start":{"line":3,"column":2},"end":{"line":3,"column":47}},"type":"if","locations":[{"start":{"line":3,"column":2},"end":{"line":3,"column":47}},{"start":{},"end":{}}]}},"s":{"0":0,"1":0,"2":0,"3":0,"4":0,"5":0,"6":0},"f":{"0":0},"b":{"0":[0,0],"1":[0,0],"2":[0,0]}}
,"/home/runner/work/mediocre-hass-media-player-cards/mediocre-hass-media-player-cards/src/utils/index.ts": {"path":"/home/runner/work/mediocre-hass-media-player-cards/mediocre-hass-media-player-cards/src/utils/index.ts","statementMap":{"0":{"start":{"line":1,"column":0},"end":{"line":1,"column":26}},"1":{"start":{"line":2,"column":0},"end":{"line":2,"column":32}},"2":{"start":{"line":3,"column":0},"end":{"line":3,"column":42}},"3":{"start":{"line":4,"column":0},"end":{"line":4,"column":26}},"4":{"start":{"line":5,"column":0},"end":{"line":5,"column":32}},"5":{"start":{"line":6,"column":0},"end":{"line":6,"column":28}}},"fnMap":{},"branchMap":{},"s":{"0":0,"1":0,"2":0,"3":0,"4":0,"5":0},"f":{},"b":{}}
,"/home/runner/work/mediocre-hass-media-player-cards/mediocre-hass-media-player-cards/src/utils/setVolume.ts": {"path":"/home/runner/work/mediocre-hass-media-player-cards/mediocre-hass-media-player-cards/src/utils/setVolume.ts","statementMap":{"0":{"start":{"line":1,"column":0},"end":{"line":1,"column":36}},"1":{"start":{"line":11,"column":25},"end":{"line":51,"column":1}},"2":{"start":{"line":16,"column":15},"end":{"line":16,"column":24}},"3":{"start":{"line":17,"column":21},"end":{"line":17,"column":46}},"4":{"start":{"line":18,"column":2},"end":{"line":18,"column":26}},"5":{"start":{"line":18,"column":19},"end":{"line":18,"column":26}},"6":{"start":{"line":21,"column":2},"end":{"line":24,"column":5}},"7":{"start":{"line":27,"column":2},"end":{"line":50,"column":3}},"8":{"start":{"line":28,"column":26},"end":{"line":28,"column":65}},"9":{"start":{"line":29,"column":24},"end":{"line":29,"column":73}},"10":{"start":{"line":32,"column":4},"end":{"line":49,"column":9}},"11":{"start":{"line":35,"column":24},"end":{"line":35,"column":46}},"12":{"start":{"line":36,"column":8},"end":{"line":36,"column":29}},"13":{"start":{"line":36,"column":22},"end":{"line":36,"column":29}},"14":{"start":{"line":38,"column":30},"end":{"line":38,"column":66}},"15":{"start":{"line":40,"column":33},"end":{"line":42,"column":null}},"16":{"start":{"line":45,"column":8},"end":{"line":48,"column":11}},"17":{"start":{"line":11,"column":13},"end":{"line":11,"column":25}}},"fnMap":{"0":{"name":"(anonymous_0)","decl":{"start":{"line":11,"column":25},"end":{"line":11,"column":null}},"loc":{"start":{"line":15,"column":10},"end":{"line":51,"column":1}}},"1":{"name":"(anonymous_1)","decl":{"start":{"line":34,"column":15},"end":{"line":34,"column":16}},"loc":{"start":{"line":34,"column":37},"end":{"line":49,"column":7}}}},"branchMap":{"0":{"loc":{"start":{"line":14,"column":2},"end":{"line":14,"column":28}},"type":"default-arg","locations":[{"start":{"line":14,"column":23},"end":{"line":14,"column":28}}]},"1":{"loc":{"start":{"line":18,"column":2},"end":{"line":18,"column":26}},"type":"if","locations":[{"start":{"line":18,"column":2},"end":{"line":18,"column":26}},{"start":{},"end":{}}]},"2":{"loc":{"start":{"line":27,"column":2},"end":{"line":50,"column":3}},"type":"if","locations":[{"start":{"line":27,"column":2},"end":{"line":50,"column":3}},{"start":{},"end":{}}]},"3":{"loc":{"start":{"line":27,"column":6},"end":{"line":27,"column":66}},"type":"binary-expr","locations":[{"start":{"line":27,"column":6},"end":{"line":27,"column":15}},{"start":{"line":27,"column":19},"end":{"line":27,"column":66}}]},"4":{"loc":{"start":{"line":28,"column":26},"end":{"line":28,"column":65}},"type":"binary-expr","locations":[{"start":{"line":28,"column":26},"end":{"line":28,"column":60}},{"start":{"line":28,"column":64},"end":{"line":28,"column":65}}]},"5":{"loc":{"start":{"line":29,"column":24},"end":{"line":29,"column":73}},"type":"cond-expr","locations":[{"start":{"line":29,"column":44},"end":{"line":29,"column":69}},{"start":{"line":29,"column":72},"end":{"line":29,"column":73}}]},"6":{"loc":{"start":{"line":36,"column":8},"end":{"line":36,"column":29}},"type":"if","locations":[{"start":{"line":36,"column":8},"end":{"line":36,"column":29}},{"start":{},"end":{}}]},"7":{"loc":{"start":{"line":38,"column":30},"end":{"line":38,"column":66}},"type":"binary-expr","locations":[{"start":{"line":38,"column":30},"end":{"line":38,"column":61}},{"start":{"line":38,"column":65},"end":{"line":38,"column":66}}]}},"s":{"0":0,"1":0,"2":0,"3":0,"4":0,"5":0,"6":0,"7":0,"8":0,"9":0,"10":0,"11":0,"12":0,"13":0,"14":0,"15":0,"16":0,"17":0},"f":{"0":0,"1":0},"b":{"0":[0],"1":[0,0],"2":[0,0],"3":[0,0],"4":[0,0],"5":[0,0],"6":[0,0],"7":[0,0]}}
,"/home/runner/work/mediocre-hass-media-player-cards/mediocre-hass-media-player-cards/src/wrappers/CardEditorWrapper.tsx": {"path":"/home/runner/work/mediocre-hass-media-player-cards/mediocre-hass-media-player-cards/src/wrappers/CardEditorWrapper.tsx","statementMap":{"0":{"start":{"line":1,"column":0},"end":{"line":1,"column":51}},"1":{"start":{"line":3,"column":0},"end":{"line":3,"column":66}},"2":{"start":{"line":12,"column":2},"end":{"line":12,"column":27}},"3":{"start":{"line":13,"column":2},"end":{"line":13,"column":60}},"4":{"start":{"line":14,"column":2},"end":{"line":14,"column":46}},"5":{"start":{"line":15,"column":2},"end":{"line":15,"column":37}},"6":{"start":{"line":18,"column":4},"end":{"line":18,"column":22}},"7":{"start":{"line":22,"column":4},"end":{"line":22,"column":26}},"8":{"start":{"line":23,"column":4},"end":{"line":23,"column":42}},"9":{"start":{"line":23,"column":35},"end":{"line":23,"column":42}},"10":{"start":{"line":24,"column":4},"end":{"line":36,"column":6}},"11":{"start":{"line":11,"column":0},"end":{"line":11,"column":13}}},"fnMap":{"0":{"name":"(anonymous_0)","decl":{"start":{"line":11,"column":0},"end":{"line":11,"column":13}},"loc":{"start":{"line":11,"column":0},"end":{"line":38,"column":1}}},"1":{"name":"(anonymous_1)","decl":{"start":{"line":17,"column":2},"end":{"line":17,"column":6}},"loc":{"start":{"line":17,"column":30},"end":{"line":19,"column":3}}},"2":{"name":"(anonymous_2)","decl":{"start":{"line":21,"column":2},"end":{"line":21,"column":11}},"loc":{"start":{"line":21,"column":21},"end":{"line":37,"column":3}}}},"branchMap":{"0":{"loc":{"start":{"line":23,"column":4},"end":{"line":23,"column":42}},"type":"if","locations":[{"start":{"line":23,"column":4},"end":{"line":23,"column":42}},{"start":{},"end":{}}]},"1":{"loc":{"start":{"line":23,"column":8},"end":{"line":23,"column":33}},"type":"binary-expr","locations":[{"start":{"line":23,"column":8},"end":{"line":23,"column":19}},{"start":{"line":23,"column":23},"end":{"line":23,"column":33}}]}},"s":{"0":0,"1":0,"2":0,"3":0,"4":0,"5":0,"6":0,"7":0,"8":0,"9":0,"10":0,"11":0},"f":{"0":0,"1":0,"2":0},"b":{"0":[0,0],"1":[0,0]}}
,"/home/runner/work/mediocre-hass-media-player-cards/mediocre-hass-media-player-cards/src/wrappers/CardWrapper.tsx": {"path":"/home/runner/work/mediocre-hass-media-player-cards/mediocre-hass-media-player-cards/src/wrappers/CardWrapper.tsx","statementMap":{"0":{"start":{"line":1,"column":0},"end":{"line":1,"column":51}},"1":{"start":{"line":2,"column":0},"end":{"line":2,"column":null}},"2":{"start":{"line":7,"column":0},"end":{"line":7,"column":66}},"3":{"start":{"line":13,"column":2},"end":{"line":13,"column":40}},"4":{"start":{"line":14,"column":2},"end":{"line":14,"column":31}},"5":{"start":{"line":15,"column":2},"end":{"line":17,"column":18}},"6":{"start":{"line":18,"column":10},"end":{"line":18,"column":53}},"7":{"start":{"line":21,"column":4},"end":{"line":23,"column":5}},"8":{"start":{"line":22,"column":6},"end":{"line":22,"column":52}},"9":{"start":{"line":25,"column":21},"end":{"line":25,"column":43}},"10":{"start":{"line":27,"column":6},"end":{"line":27,"column":65}},"11":{"start":{"line":29,"column":4},"end":{"line":45,"column":5}},"12":{"start":{"line":30,"column":6},"end":{"line":30,"column":32}},"13":{"start":{"line":31,"column":6},"end":{"line":42,"column":8}},"14":{"start":{"line":44,"column":6},"end":{"line":44,"column":32}},"15":{"start":{"line":49,"column":4},"end":{"line":49,"column":13}},"16":{"start":{"line":10,"column":0},"end":{"line":10,"column":13}}},"fnMap":{"0":{"name":"(anonymous_0)","decl":{"start":{"line":10,"column":0},"end":{"line":10,"column":13}},"loc":{"start":{"line":10,"column":0},"end":{"line":51,"column":1}}},"1":{"name":"(anonymous_1)","decl":{"start":{"line":20,"column":2},"end":{"line":20,"column":6}},"loc":{"start":{"line":20,"column":30},"end":{"line":46,"column":3}}},"2":{"name":"(anonymous_2)","decl":{"start":{"line":48,"column":2},"end":{"line":48,"column":13}},"loc":{"start":{"line":48,"column":13},"end":{"line":50,"column":3}}}},"branchMap":{"0":{"loc":{"start":{"line":21,"column":4},"end":{"line":23,"column":5}},"type":"if","locations":[{"start":{"line":21,"column":4},"end":{"line":23,"column":5}},{"start":{},"end":{}}]},"1":{"loc":{"start":{"line":27,"column":6},"end":{"line":27,"column":65}},"type":"binary-expr","locations":[{"start":{"line":27,"column":6},"end":{"line":27,"column":16}},{"start":{"line":27,"column":20},"end":{"line":27,"column":65}}]},"2":{"loc":{"start":{"line":29,"column":4},"end":{"line":45,"column":5}},"type":"if","locations":[{"start":{"line":29,"column":4},"end":{"line":45,"column":5}},{"start":{"line":43,"column":11},"end":{"line":45,"column":5}}]}},"s":{"0":0,"1":0,"2":0,"3":0,"4":0,"5":0,"6":0,"7":0,"8":0,"9":0,"10":0,"11":0,"12":0,"13":0,"14":0,"15":0,"16":0},"f":{"0":0,"1":0,"2":0},"b":{"0":[0,0],"1":[0,0],"2":[0,0]}}
,"/home/runner/work/mediocre-hass-media-player-cards/mediocre-hass-media-player-cards/src/wrappers/index.ts": {"path":"/home/runner/work/mediocre-hass-media-player-cards/mediocre-hass-media-player-cards/src/wrappers/index.ts","statementMap":{"0":{"start":{"line":1,"column":0},"end":{"line":1,"column":36}},"1":{"start":{"line":2,"column":0},"end":{"line":2,"column":30}}},"fnMap":{},"branchMap":{},"s":{"0":0,"1":0},"f":{},"b":{}}
}
